#
# There is insufficient memory for the Java Runtime Environment to continue.
# Native memory allocation (malloc) failed to allocate 2898704 bytes. Error detail: Chunk::new
# Possible reasons:
#   The system is out of physical RAM or swap space
#   This process is running with CompressedOops enabled, and the Java Heap may be blocking the growth of the native heap
# Possible solutions:
#   Reduce memory load on the system
#   Increase physical memory or swap space
#   Check if swap backing store is full
#   Decrease Java heap size (-Xmx/-Xms)
#   Decrease number of Java threads
#   Decrease Java thread stack sizes (-Xss)
#   Set larger code cache with -XX:ReservedCodeCacheSize=
#   JVM is running with Unscaled Compressed Oops mode in which the Java heap is
#     placed in the first 4GB address space. The Java Heap base address is the
#     maximum limit for the native heap growth. Please use -XX:HeapBaseMinAddress
#     to set the Java Heap base and to place the Java Heap above 4GB virtual address.
# This output file may be truncated or incomplete.
#
#  Out of Memory Error (arena.cpp:162), pid=43380, tid=21952
#
# JRE version: OpenJDK Runtime Environment (24.0.1+9) (build 24.0.1+9-30)
# Java VM: OpenJDK 64-Bit Server VM (24.0.1+9-30, mixed mode, sharing, tiered, compressed oops, compressed class ptrs, g1 gc, windows-amd64)
# No core dump will be written. Minidumps are not enabled by default on client versions of Windows
#

---------------  S U M M A R Y ------------

Command Line: -javaagent:C:\Program Files\JetBrains\IntelliJ IDEA 2024.3\lib\idea_rt.jar=57150:C:\Program Files\JetBrains\IntelliJ IDEA 2024.3\bin -Dfile.encoding=UTF-8 -Dsun.stdout.encoding=UTF-8 -Dsun.stderr.encoding=UTF-8 com.LeaveDataManagementSystem.LeaveManagement.LeaveManagementApplication

Host: AMD Ryzen 7 5700U with Radeon Graphics         , 16 cores, 7G,  Windows 11 , 64 bit Build 26100 (10.0.26100.7309)
Time: Wed Jan 14 23:21:06 2026 Sri Lanka Standard Time elapsed time: 211.613730 seconds (0d 0h 3m 31s)

---------------  T H R E A D  ---------------

Current thread (0x0000022b410205c0):  JavaThread "C2 CompilerThread0" daemon [_thread_in_native, id=21952, stack(0x000000ceb4e00000,0x000000ceb4f00000) (1024K)]


Current CompileTask:
C2:211614 11716   !   4       java.io.ObjectOutputStream::defaultWriteFields (288 bytes)

Stack: [0x000000ceb4e00000,0x000000ceb4f00000]
Native frames: (J=compiled Java code, j=interpreted, Vv=VM code, C=native code)
V  [jvm.dll+0x730739]  (no source info available)
V  [jvm.dll+0x8d9b23]  (no source info available)
V  [jvm.dll+0x8dc00d]  (no source info available)
V  [jvm.dll+0x8dc683]  (no source info available)
V  [jvm.dll+0x2aa086]  (no source info available)
V  [jvm.dll+0xcedef]  (no source info available)
V  [jvm.dll+0xcf04f]  (no source info available)
V  [jvm.dll+0x154d83]  (no source info available)
V  [jvm.dll+0x735f5f]  (no source info available)
V  [jvm.dll+0x26fa1c]  (no source info available)
V  [jvm.dll+0x26ea3f]  (no source info available)
V  [jvm.dll+0x1e9d60]  (no source info available)
V  [jvm.dll+0x27e1fb]  (no source info available)
V  [jvm.dll+0x27c49a]  (no source info available)
V  [jvm.dll+0x42f456]  (no source info available)
V  [jvm.dll+0x87d76b]  (no source info available)
V  [jvm.dll+0x72ee55]  (no source info available)
C  [ucrtbase.dll+0x37b0]  (no source info available)
C  [KERNEL32.DLL+0x2e8d7]  (no source info available)
C  [ntdll.dll+0x8c53c]  (no source info available)

Lock stack of current Java thread (top to bottom):


---------------  P R O C E S S  ---------------

Threads class SMR info:
_java_thread_list=0x0000022b4360caa0, length=45, elements={
0x0000022b63cdb7c0, 0x0000022b63cdbf00, 0x0000022b63cddd90, 0x0000022b63cdf4e0,
0x0000022b63ce1c30, 0x0000022b63cf04d0, 0x0000022b410205c0, 0x0000022b410254b0,
0x0000022b411c8a50, 0x0000022b411c6d10, 0x0000022b411c7bb0, 0x0000022b411c8300,
0x0000022b411c91a0, 0x0000022b411c98f0, 0x0000022b411c65c0, 0x0000022b42419a10,
0x0000022b424166e0, 0x0000022b4241a8b0, 0x0000022b4241c5f0, 0x0000022b4241b000,
0x0000022b4139c390, 0x0000022b4139d980, 0x0000022b4139d230, 0x0000022b4139ef70,
0x0000022b4139f6c0, 0x0000022b4139fe10, 0x0000022b4139e820, 0x0000022b4139cae0,
0x0000022b413a3140, 0x0000022b413a3890, 0x0000022b413a1400, 0x0000022b413a1b50,
0x0000022b413a22a0, 0x0000022b413a29f0, 0x0000022b42417cd0, 0x0000022b42415840,
0x0000022b411c7460, 0x0000022b410fed40, 0x0000022b410ff490, 0x0000022b410fc8b0,
0x0000022b410fd000, 0x0000022b410ffbe0, 0x0000022b410fdea0, 0x0000022b41103db0,
0x0000022b41103660
}

Java Threads: ( => current thread )
  0x0000022b63cdb7c0 JavaThread "Reference Handler"          daemon [_thread_blocked, id=5868, stack(0x000000ceb4800000,0x000000ceb4900000) (1024K)]
  0x0000022b63cdbf00 JavaThread "Finalizer"                  daemon [_thread_blocked, id=13300, stack(0x000000ceb4900000,0x000000ceb4a00000) (1024K)]
  0x0000022b63cddd90 JavaThread "Signal Dispatcher"          daemon [_thread_blocked, id=49688, stack(0x000000ceb4a00000,0x000000ceb4b00000) (1024K)]
  0x0000022b63cdf4e0 JavaThread "Attach Listener"            daemon [_thread_blocked, id=38832, stack(0x000000ceb4b00000,0x000000ceb4c00000) (1024K)]
  0x0000022b63ce1c30 JavaThread "Service Thread"             daemon [_thread_blocked, id=23720, stack(0x000000ceb4c00000,0x000000ceb4d00000) (1024K)]
  0x0000022b63cf04d0 JavaThread "Monitor Deflation Thread"   daemon [_thread_blocked, id=43676, stack(0x000000ceb4d00000,0x000000ceb4e00000) (1024K)]
=>0x0000022b410205c0 JavaThread "C2 CompilerThread0"         daemon [_thread_in_native, id=21952, stack(0x000000ceb4e00000,0x000000ceb4f00000) (1024K)]
  0x0000022b410254b0 JavaThread "C1 CompilerThread0"         daemon [_thread_blocked, id=42492, stack(0x000000ceb4f00000,0x000000ceb5000000) (1024K)]
  0x0000022b411c8a50 JavaThread "Common-Cleaner"             daemon [_thread_blocked, id=14624, stack(0x000000ceb5200000,0x000000ceb5300000) (1024K)]
  0x0000022b411c6d10 JavaThread "Monitor Ctrl-Break"         daemon [_thread_in_native, id=48224, stack(0x000000ceb5300000,0x000000ceb5400000) (1024K)]
  0x0000022b411c7bb0 JavaThread "Notification Thread"        daemon [_thread_blocked, id=42868, stack(0x000000ceb5400000,0x000000ceb5500000) (1024K)]
  0x0000022b411c8300 JavaThread "RMI TCP Accept-0"           daemon [_thread_in_native, id=31260, stack(0x000000ceb5500000,0x000000ceb5600000) (1024K)]
  0x0000022b411c91a0 JavaThread "RMI TCP Connection(idle)"   daemon [_thread_blocked, id=19400, stack(0x000000ceb5600000,0x000000ceb5700000) (1024K)]
  0x0000022b411c98f0 JavaThread "RMI Scheduler(0)"           daemon [_thread_blocked, id=47544, stack(0x000000ceb5700000,0x000000ceb5800000) (1024K)]
  0x0000022b411c65c0 JavaThread "JMX server connection timeout 40" daemon [_thread_blocked, id=22508, stack(0x000000ceb5800000,0x000000ceb5900000) (1024K)]
  0x0000022b42419a10 JavaThread "Jndi-Dns-address-change-listener" daemon [_thread_in_native, id=46644, stack(0x000000ceb6900000,0x000000ceb6a00000) (1024K)]
  0x0000022b424166e0 JavaThread "BufferPoolPruner-1-thread-1" daemon [_thread_blocked, id=34956, stack(0x000000ceb5100000,0x000000ceb5200000) (1024K)]
  0x0000022b4241a8b0 JavaThread "cluster-ClusterId{value='6967d6c6bdc1bd0acaeefc95', description='null'}-ac-rslmmmq-shard-00-00.w3wscd7.mongodb.net:27017" daemon [_thread_in_native, id=40028, stack(0x000000ceb6c00000,0x000000ceb6d00000) (1024K)]
  0x0000022b4241c5f0 JavaThread "cluster-ClusterId{value='6967d6c6bdc1bd0acaeefc95', description='null'}-ac-rslmmmq-shard-00-01.w3wscd7.mongodb.net:27017" daemon [_thread_in_native, id=49548, stack(0x000000ceb6d00000,0x000000ceb6e00000) (1024K)]
  0x0000022b4241b000 JavaThread "cluster-ClusterId{value='6967d6c6bdc1bd0acaeefc95', description='null'}-ac-rslmmmq-shard-00-02.w3wscd7.mongodb.net:27017" daemon [_thread_in_native, id=50768, stack(0x000000ceb6e00000,0x000000ceb6f00000) (1024K)]
  0x0000022b4139c390 JavaThread "Catalina-utility-1"                [_thread_blocked, id=46008, stack(0x000000ceb6a00000,0x000000ceb6b00000) (1024K)]
  0x0000022b4139d980 JavaThread "Catalina-utility-2"                [_thread_blocked, id=47232, stack(0x000000ceb6f00000,0x000000ceb7000000) (1024K)]
  0x0000022b4139d230 JavaThread "container-0"                       [_thread_blocked, id=45728, stack(0x000000ceb7000000,0x000000ceb7100000) (1024K)]
  0x0000022b4139ef70 JavaThread "Live Reload Server"         daemon [_thread_in_native, id=46176, stack(0x000000ceb7300000,0x000000ceb7400000) (1024K)]
  0x0000022b4139f6c0 JavaThread "cluster-rtt-ClusterId{value='6967d6c6bdc1bd0acaeefc95', description='null'}-ac-rslmmmq-shard-00-01.w3wscd7.mongodb.net:27017" daemon [_thread_blocked, id=43904, stack(0x000000ceb7800000,0x000000ceb7900000) (1024K)]
  0x0000022b4139fe10 JavaThread "cluster-rtt-ClusterId{value='6967d6c6bdc1bd0acaeefc95', description='null'}-ac-rslmmmq-shard-00-00.w3wscd7.mongodb.net:27017" daemon [_thread_blocked, id=41824, stack(0x000000ceb7900000,0x000000ceb7a00000) (1024K)]
  0x0000022b4139e820 JavaThread "cluster-rtt-ClusterId{value='6967d6c6bdc1bd0acaeefc95', description='null'}-ac-rslmmmq-shard-00-02.w3wscd7.mongodb.net:27017" daemon [_thread_blocked, id=23644, stack(0x000000ceb7a00000,0x000000ceb7b00000) (1024K)]
  0x0000022b4139cae0 JavaThread "MaintenanceTimer-4-thread-1" daemon [_thread_blocked, id=20824, stack(0x000000ceb7b00000,0x000000ceb7c00000) (1024K)]
  0x0000022b413a3140 JavaThread "MaintenanceTimer-2-thread-1" daemon [_thread_blocked, id=43120, stack(0x000000ceb7c00000,0x000000ceb7d00000) (1024K)]
  0x0000022b413a3890 JavaThread "MaintenanceTimer-3-thread-1" daemon [_thread_blocked, id=32416, stack(0x000000ceb7d00000,0x000000ceb7e00000) (1024K)]
  0x0000022b413a1400 JavaThread "File Watcher"               daemon [_thread_blocked, id=37356, stack(0x000000ceb7400000,0x000000ceb7500000) (1024K)]
  0x0000022b413a1b50 JavaThread "http-nio-8080-exec-1"       daemon [_thread_blocked, id=45128, stack(0x000000ceb7500000,0x000000ceb7600000) (1024K)]
  0x0000022b413a22a0 JavaThread "http-nio-8080-exec-2"       daemon [_thread_blocked, id=6356, stack(0x000000ceb7700000,0x000000ceb7800000) (1024K)]
  0x0000022b413a29f0 JavaThread "http-nio-8080-exec-3"       daemon [_thread_blocked, id=44376, stack(0x000000ceb7e00000,0x000000ceb7f00000) (1024K)]
  0x0000022b42417cd0 JavaThread "http-nio-8080-exec-4"       daemon [_thread_blocked, id=12132, stack(0x000000ceb7f00000,0x000000ceb8000000) (1024K)]
  0x0000022b42415840 JavaThread "http-nio-8080-exec-5"       daemon [_thread_blocked, id=45436, stack(0x000000ceb8000000,0x000000ceb8100000) (1024K)]
  0x0000022b411c7460 JavaThread "http-nio-8080-exec-6"       daemon [_thread_blocked, id=13780, stack(0x000000ceb8100000,0x000000ceb8200000) (1024K)]
  0x0000022b410fed40 JavaThread "http-nio-8080-exec-7"       daemon [_thread_blocked, id=47480, stack(0x000000ceb8200000,0x000000ceb8300000) (1024K)]
  0x0000022b410ff490 JavaThread "http-nio-8080-exec-8"       daemon [_thread_blocked, id=40896, stack(0x000000ceb8300000,0x000000ceb8400000) (1024K)]
  0x0000022b410fc8b0 JavaThread "http-nio-8080-exec-9"       daemon [_thread_blocked, id=46948, stack(0x000000ceb8400000,0x000000ceb8500000) (1024K)]
  0x0000022b410fd000 JavaThread "http-nio-8080-exec-10"      daemon [_thread_blocked, id=48208, stack(0x000000ceb8500000,0x000000ceb8600000) (1024K)]
  0x0000022b410ffbe0 JavaThread "http-nio-8080-Poller"       daemon [_thread_in_native, id=43544, stack(0x000000ceb8600000,0x000000ceb8700000) (1024K)]
  0x0000022b410fdea0 JavaThread "http-nio-8080-Acceptor"     daemon [_thread_in_native, id=34872, stack(0x000000ceb8700000,0x000000ceb8800000) (1024K)]
  0x0000022b41103db0 JavaThread "DestroyJavaVM"                     [_thread_blocked, id=27720, stack(0x000000ceb4000000,0x000000ceb4100000) (1024K)]
  0x0000022b41103660 JavaThread "RMI TCP Connection(2)-192.168.111.250" daemon [_thread_in_native, id=23344, stack(0x000000ceb3d00000,0x000000ceb3e00000) (1024K)]
Total: 45

Other Threads:
  0x0000022b63cce3f0 VMThread "VM Thread"                           [id=36440, stack(0x000000ceb4700000,0x000000ceb4800000) (1024K)]
  0x0000022b63cc1dc0 WatcherThread "VM Periodic Task Thread"        [id=27468, stack(0x000000ceb4600000,0x000000ceb4700000) (1024K)]
  0x0000022b46c540f0 WorkerThread "GC Thread#0"                     [id=43736, stack(0x000000ceb4100000,0x000000ceb4200000) (1024K)]
  0x0000022b424867b0 WorkerThread "GC Thread#1"                     [id=30212, stack(0x000000ceb5b00000,0x000000ceb5c00000) (1024K)]
  0x0000022b42487670 WorkerThread "GC Thread#2"                     [id=20760, stack(0x000000ceb5c00000,0x000000ceb5d00000) (1024K)]
  0x0000022b42486400 WorkerThread "GC Thread#3"                     [id=50640, stack(0x000000ceb5d00000,0x000000ceb5e00000) (1024K)]
  0x0000022b42487a20 WorkerThread "GC Thread#4"                     [id=25252, stack(0x000000ceb5e00000,0x000000ceb5f00000) (1024K)]
  0x0000022b42484de0 WorkerThread "GC Thread#5"                     [id=23072, stack(0x000000ceb5f00000,0x000000ceb6000000) (1024K)]
  0x0000022b42485190 WorkerThread "GC Thread#6"                     [id=44512, stack(0x000000ceb6000000,0x000000ceb6100000) (1024K)]
  0x0000022b42485540 WorkerThread "GC Thread#7"                     [id=45016, stack(0x000000ceb6100000,0x000000ceb6200000) (1024K)]
  0x0000022b424858f0 WorkerThread "GC Thread#8"                     [id=48548, stack(0x000000ceb6300000,0x000000ceb6400000) (1024K)]
  0x0000022b42485ca0 WorkerThread "GC Thread#9"                     [id=45464, stack(0x000000ceb6400000,0x000000ceb6500000) (1024K)]
  0x0000022b424872c0 WorkerThread "GC Thread#10"                    [id=41908, stack(0x000000ceb6500000,0x000000ceb6600000) (1024K)]
  0x0000022b42487dd0 WorkerThread "GC Thread#11"                    [id=52028, stack(0x000000ceb6600000,0x000000ceb6700000) (1024K)]
  0x0000022b43d40770 WorkerThread "GC Thread#12"                    [id=36276, stack(0x000000ceb6200000,0x000000ceb6300000) (1024K)]
  0x0000022b46c814d0 ConcurrentGCThread "G1 Main Marker"            [id=46696, stack(0x000000ceb4200000,0x000000ceb4300000) (1024K)]
  0x0000022b46c82f90 WorkerThread "G1 Conc#0"                       [id=50100, stack(0x000000ceb4300000,0x000000ceb4400000) (1024K)]
  0x0000022b42488180 WorkerThread "G1 Conc#1"                       [id=14380, stack(0x000000ceb6700000,0x000000ceb6800000) (1024K)]
  0x0000022b43d3f500 WorkerThread "G1 Conc#2"                       [id=39704, stack(0x000000ceb6800000,0x000000ceb6900000) (1024K)]
  0x0000022b63b90f00 ConcurrentGCThread "G1 Refine#0"               [id=45052, stack(0x000000ceb4400000,0x000000ceb4500000) (1024K)]
  0x0000022b63b964d0 ConcurrentGCThread "G1 Service"                [id=49108, stack(0x000000ceb4500000,0x000000ceb4600000) (1024K)]
Total: 21

Threads with active compile tasks:
C2 CompilerThread0  212594 11716   !   4       java.io.ObjectOutputStream::defaultWriteFields (288 bytes)
Total: 1

VM state: not at safepoint (normal execution)

VM Mutex/Monitor currently owned by a thread: None

Heap address: 0x000000008ac00000, size: 1876 MB, Compressed Oops mode: 32-bit

CDS archive(s) mapped at: [0x0000022b00000000-0x0000022b00d40000-0x0000022b00d40000), size 13893632, SharedBaseAddress: 0x0000022b00000000, ArchiveRelocationMode: 1.
Compressed class space mapped at: 0x0000022b01000000-0x0000022b41000000, reserved size: 1073741824
UseCompressedClassPointers 1, UseCompactObjectHeaders 0
Narrow klass pointer bits 32, Max shift 3
Narrow klass base: 0x0000022b00000000, Narrow klass shift: 0
Encoding Range: [0x0000022b00000000 - 0x0000022c00000000), (4294967296 bytes)
Klass Range:    [0x0000022b00000000 - 0x0000022b41000000), (1090519040 bytes)
Klass ID Range:  [8 - 1090519033) (1090519025)

GC Precious Log:
 CardTable entry size: 512
 Card Set container configuration: InlinePtr #cards 5 size 8 Array Of Cards #cards 10 size 36 Howl #buckets 4 coarsen threshold 1843 Howl Bitmap #cards 512 size 80 coarsen threshold 460 Card regions per heap region 1 cards per card region 2048
 CPUs: 16 total, 16 available
 Memory: 7501M
 Large Page Support: Disabled
 NUMA Support: Disabled
 Compressed Oops: Enabled (32-bit)
 Heap Region Size: 1M
 Heap Min Capacity: 8M
 Heap Initial Capacity: 118M
 Heap Max Capacity: 1876M
 Pre-touch: Disabled
 Parallel Workers: 13
 Concurrent Workers: 3
 Concurrent Refinement Workers: 13
 Periodic GC: Disabled

Heap:
 garbage-first heap   total reserved 1921024K, committed 61440K, used 48572K [0x000000008ac00000, 0x0000000100000000)
  region size 1024K, 16 young (16384K), 2 survivors (2048K)
 Metaspace       used 65610K, committed 66304K, reserved 1114112K
  class space    used 7115K, committed 7424K, reserved 1048576K

Heap Regions: E=young(eden), S=young(survivor), O=old, HS=humongous(starts), HC=humongous(continues), CS=collection set, F=free, TAMS=top-at-mark-start, PB=parsable bottom
|   0|0x000000008ac00000, 0x000000008ad00000, 0x000000008ad00000|100%| O|  |TAMS 0x000000008ac00000| PB 0x000000008ac00000| Untracked |  0
|   1|0x000000008ad00000, 0x000000008ae00000, 0x000000008ae00000|100%| O|  |TAMS 0x000000008ad00000| PB 0x000000008ad00000| Untracked |  0
|   2|0x000000008ae00000, 0x000000008af00000, 0x000000008af00000|100%| O|  |TAMS 0x000000008ae00000| PB 0x000000008ae00000| Untracked |  0
|   3|0x000000008af00000, 0x000000008b000000, 0x000000008b000000|100%| O|  |TAMS 0x000000008af00000| PB 0x000000008af00000| Untracked |  0
|   4|0x000000008b000000, 0x000000008b100000, 0x000000008b100000|100%| O|  |TAMS 0x000000008b000000| PB 0x000000008b000000| Untracked |  0
|   5|0x000000008b100000, 0x000000008b200000, 0x000000008b200000|100%| O|  |TAMS 0x000000008b100000| PB 0x000000008b100000| Untracked |  0
|   6|0x000000008b200000, 0x000000008b300000, 0x000000008b300000|100%| O|  |TAMS 0x000000008b200000| PB 0x000000008b200000| Untracked |  0
|   7|0x000000008b300000, 0x000000008b400000, 0x000000008b400000|100%| O|  |TAMS 0x000000008b300000| PB 0x000000008b300000| Untracked |  0
|   8|0x000000008b400000, 0x000000008b500000, 0x000000008b500000|100%| O|  |TAMS 0x000000008b400000| PB 0x000000008b400000| Untracked |  0
|   9|0x000000008b500000, 0x000000008b600000, 0x000000008b600000|100%| O|  |TAMS 0x000000008b500000| PB 0x000000008b500000| Untracked |  0
|  10|0x000000008b600000, 0x000000008b700000, 0x000000008b700000|100%| O|  |TAMS 0x000000008b600000| PB 0x000000008b600000| Untracked |  0
|  11|0x000000008b700000, 0x000000008b800000, 0x000000008b800000|100%| O|  |TAMS 0x000000008b700000| PB 0x000000008b700000| Untracked |  0
|  12|0x000000008b800000, 0x000000008b900000, 0x000000008b900000|100%| O|  |TAMS 0x000000008b800000| PB 0x000000008b800000| Untracked |  0
|  13|0x000000008b900000, 0x000000008b934130, 0x000000008ba00000| 20%| O|  |TAMS 0x000000008b900000| PB 0x000000008b900000| Untracked |  0
|  14|0x000000008ba00000, 0x000000008bb00000, 0x000000008bb00000|100%| O|Cm|TAMS 0x000000008ba00000| PB 0x000000008ba00000| Complete |  0
|  15|0x000000008bb00000, 0x000000008bc00000, 0x000000008bc00000|100%| O|  |TAMS 0x000000008bb00000| PB 0x000000008bb00000| Untracked |  0
|  16|0x000000008bc00000, 0x000000008bd00000, 0x000000008bd00000|100%| O|  |TAMS 0x000000008bc00000| PB 0x000000008bc00000| Untracked |  0
|  17|0x000000008bd00000, 0x000000008be00000, 0x000000008be00000|100%| O|Cm|TAMS 0x000000008bd00000| PB 0x000000008bd00000| Complete |  0
|  18|0x000000008be00000, 0x000000008bf00000, 0x000000008bf00000|100%| O|  |TAMS 0x000000008be00000| PB 0x000000008be00000| Untracked |  0
|  19|0x000000008bf00000, 0x000000008c000000, 0x000000008c000000|100%| O|  |TAMS 0x000000008bf00000| PB 0x000000008bf00000| Untracked |  0
|  20|0x000000008c000000, 0x000000008c100000, 0x000000008c100000|100%| O|  |TAMS 0x000000008c000000| PB 0x000000008c000000| Untracked |  0
|  21|0x000000008c100000, 0x000000008c200000, 0x000000008c200000|100%| O|  |TAMS 0x000000008c100000| PB 0x000000008c100000| Untracked |  0
|  22|0x000000008c200000, 0x000000008c300000, 0x000000008c300000|100%| O|  |TAMS 0x000000008c200000| PB 0x000000008c200000| Untracked |  0
|  23|0x000000008c300000, 0x000000008c400000, 0x000000008c400000|100%| O|  |TAMS 0x000000008c300000| PB 0x000000008c300000| Untracked |  0
|  24|0x000000008c400000, 0x000000008c500000, 0x000000008c500000|100%| O|  |TAMS 0x000000008c400000| PB 0x000000008c400000| Untracked |  0
|  25|0x000000008c500000, 0x000000008c600000, 0x000000008c600000|100%| O|  |TAMS 0x000000008c500000| PB 0x000000008c500000| Untracked |  0
|  26|0x000000008c600000, 0x000000008c700000, 0x000000008c700000|100%| O|  |TAMS 0x000000008c600000| PB 0x000000008c600000| Untracked |  0
|  27|0x000000008c700000, 0x000000008c800000, 0x000000008c800000|100%| O|  |TAMS 0x000000008c700000| PB 0x000000008c700000| Untracked |  0
|  28|0x000000008c800000, 0x000000008c900000, 0x000000008c900000|100%| O|  |TAMS 0x000000008c800000| PB 0x000000008c800000| Untracked |  0
|  29|0x000000008c900000, 0x000000008ca00000, 0x000000008ca00000|100%| O|  |TAMS 0x000000008c900000| PB 0x000000008c900000| Untracked |  0
|  30|0x000000008ca00000, 0x000000008cb00000, 0x000000008cb00000|100%| O|  |TAMS 0x000000008ca00000| PB 0x000000008ca00000| Untracked |  0
|  31|0x000000008cb00000, 0x000000008cb00000, 0x000000008cc00000|  0%| F|  |TAMS 0x000000008cb00000| PB 0x000000008cb00000| Untracked |  0
|  32|0x000000008cc00000, 0x000000008cd00000, 0x000000008cd00000|100%| O|  |TAMS 0x000000008cc00000| PB 0x000000008cc00000| Untracked |  0
|  33|0x000000008cd00000, 0x000000008ce00000, 0x000000008ce00000|100%| O|  |TAMS 0x000000008cd00000| PB 0x000000008cd00000| Untracked |  0
|  34|0x000000008ce00000, 0x000000008cf00000, 0x000000008cf00000|100%| O|  |TAMS 0x000000008ce00000| PB 0x000000008ce00000| Untracked |  0
|  35|0x000000008cf00000, 0x000000008cf00000, 0x000000008d000000|  0%| F|  |TAMS 0x000000008cf00000| PB 0x000000008cf00000| Untracked |  0
|  36|0x000000008d000000, 0x000000008d000000, 0x000000008d100000|  0%| F|  |TAMS 0x000000008d000000| PB 0x000000008d000000| Untracked |  0
|  37|0x000000008d100000, 0x000000008d13afb0, 0x000000008d200000| 23%| S|CS|TAMS 0x000000008d100000| PB 0x000000008d100000| Complete |  0
|  38|0x000000008d200000, 0x000000008d200000, 0x000000008d300000|  0%| F|  |TAMS 0x000000008d200000| PB 0x000000008d200000| Untracked |  0
|  39|0x000000008d300000, 0x000000008d400000, 0x000000008d400000|100%| S|CS|TAMS 0x000000008d300000| PB 0x000000008d300000| Complete |  0
|  40|0x000000008d400000, 0x000000008d400000, 0x000000008d500000|  0%| F|  |TAMS 0x000000008d400000| PB 0x000000008d400000| Untracked |  0
|  41|0x000000008d500000, 0x000000008d500000, 0x000000008d600000|  0%| F|  |TAMS 0x000000008d500000| PB 0x000000008d500000| Untracked |  0
|  42|0x000000008d600000, 0x000000008d600000, 0x000000008d700000|  0%| F|  |TAMS 0x000000008d600000| PB 0x000000008d600000| Untracked |  0
|  43|0x000000008d700000, 0x000000008d700000, 0x000000008d800000|  0%| F|  |TAMS 0x000000008d700000| PB 0x000000008d700000| Untracked |  0
|  44|0x000000008d800000, 0x000000008d800000, 0x000000008d900000|  0%| F|  |TAMS 0x000000008d800000| PB 0x000000008d800000| Untracked |  0
|  45|0x000000008d900000, 0x000000008d923a30, 0x000000008da00000| 13%| E|  |TAMS 0x000000008d900000| PB 0x000000008d900000| Complete |  0
|  46|0x000000008da00000, 0x000000008db00000, 0x000000008db00000|100%| E|CS|TAMS 0x000000008da00000| PB 0x000000008da00000| Complete |  0
|  47|0x000000008db00000, 0x000000008dc00000, 0x000000008dc00000|100%| E|CS|TAMS 0x000000008db00000| PB 0x000000008db00000| Complete |  0
|  48|0x000000008dc00000, 0x000000008dd00000, 0x000000008dd00000|100%| E|  |TAMS 0x000000008dc00000| PB 0x000000008dc00000| Complete |  0
|  49|0x000000008dd00000, 0x000000008de00000, 0x000000008de00000|100%| E|CS|TAMS 0x000000008dd00000| PB 0x000000008dd00000| Complete |  0
|  50|0x000000008de00000, 0x000000008df00000, 0x000000008df00000|100%| E|CS|TAMS 0x000000008de00000| PB 0x000000008de00000| Complete |  0
|  51|0x000000008df00000, 0x000000008e000000, 0x000000008e000000|100%| E|CS|TAMS 0x000000008df00000| PB 0x000000008df00000| Complete |  0
|  52|0x000000008e000000, 0x000000008e100000, 0x000000008e100000|100%| E|CS|TAMS 0x000000008e000000| PB 0x000000008e000000| Complete |  0
|  53|0x000000008e100000, 0x000000008e200000, 0x000000008e200000|100%| E|CS|TAMS 0x000000008e100000| PB 0x000000008e100000| Complete |  0
|  78|0x000000008fa00000, 0x000000008fb00000, 0x000000008fb00000|100%| E|CS|TAMS 0x000000008fa00000| PB 0x000000008fa00000| Complete |  0
|  79|0x000000008fb00000, 0x000000008fc00000, 0x000000008fc00000|100%| E|CS|TAMS 0x000000008fb00000| PB 0x000000008fb00000| Complete |  0
|  80|0x000000008fc00000, 0x000000008fd00000, 0x000000008fd00000|100%| E|CS|TAMS 0x000000008fc00000| PB 0x000000008fc00000| Complete |  0
| 117|0x0000000092100000, 0x0000000092200000, 0x0000000092200000|100%| E|CS|TAMS 0x0000000092100000| PB 0x0000000092100000| Complete |  0
|1874|0x00000000ffe00000, 0x00000000fff00000, 0x00000000fff00000|100%| O|  |TAMS 0x00000000ffe00000| PB 0x00000000ffe00000| Untracked |  0
|1875|0x00000000fff00000, 0x0000000100000000, 0x0000000100000000|100%| E|CS|TAMS 0x00000000fff00000| PB 0x00000000fff00000| Complete |  0

Card table byte_map: [0x0000022b5f1d0000,0x0000022b5f580000] _byte_map_base: 0x0000022b5ed7a000

Marking Bits: (CMBitMap*) 0x0000022b46c54800
 Bits: [0x0000022b5f580000, 0x0000022b612d0000)

Polling page: 0x0000022b44c60000

Metaspace:

Usage:
  Non-class:     57.12 MB used.
      Class:      6.95 MB used.
       Both:     64.07 MB used.

Virtual space:
  Non-class space:       64.00 MB reserved,      57.50 MB ( 90%) committed,  1 nodes.
      Class space:        1.00 GB reserved,       7.25 MB ( <1%) committed,  1 nodes.
             Both:        1.06 GB reserved,      64.75 MB (  6%) committed. 

Chunk freelists:
   Non-Class:  6.08 MB
       Class:  8.67 MB
        Both:  14.75 MB

MaxMetaspaceSize: unlimited
CompressedClassSpaceSize: 1.00 GB
Initial GC threshold: 21.00 MB
Current GC threshold: 106.81 MB
CDS: on
 - commit_granule_bytes: 65536.
 - commit_granule_words: 8192.
 - virtual_space_node_default_size: 8388608.
 - enlarge_chunks_in_place: 1.
UseCompressedClassPointers 1, UseCompactObjectHeaders 0
Narrow klass pointer bits 32, Max shift 3
Narrow klass base: 0x0000022b00000000, Narrow klass shift: 0
Encoding Range: [0x0000022b00000000 - 0x0000022c00000000), (4294967296 bytes)
Klass Range:    [0x0000022b00000000 - 0x0000022b41000000), (1090519040 bytes)
Klass ID Range:  [8 - 1090519033) (1090519025)


Internal statistics:

num_allocs_failed_limit: 6.
num_arena_births: 956.
num_arena_deaths: 22.
num_vsnodes_births: 2.
num_vsnodes_deaths: 0.
num_space_committed: 1036.
num_space_uncommitted: 0.
num_chunks_returned_to_freelist: 38.
num_chunks_taken_from_freelist: 3157.
num_chunk_merges: 12.
num_chunk_splits: 2150.
num_chunks_enlarged: 1632.
num_inconsistent_stats: 0.

CodeHeap 'non-profiled nmethods': size=119232Kb used=4456Kb max_used=4456Kb free=114776Kb
 bounds [0x0000022b57020000, 0x0000022b57480000, 0x0000022b5e490000]
CodeHeap 'profiled nmethods': size=119104Kb used=17577Kb max_used=17577Kb free=101527Kb
 bounds [0x0000022b4f490000, 0x0000022b505c0000, 0x0000022b568e0000]
CodeHeap 'non-nmethods': size=7424Kb used=1580Kb max_used=3382Kb free=5843Kb
 bounds [0x0000022b568e0000, 0x0000022b56c40000, 0x0000022b57020000]
CodeCache: size=245760Kb, used=23613Kb, max_used=25415Kb, free=222146Kb
 total_blobs=10799, nmethods=10067, adapters=635, full_count=0
Compilation: enabled, stopped_count=0, restarted_count=0

Compilation events (20 events):
Event: 201.371 Thread 0x0000022b410254b0 nmethod 11708 0x0000022b505b6988 code [0x0000022b505b6aa0, 0x0000022b505b6c60]
Event: 201.371 Thread 0x0000022b410254b0 11709       3       jakarta.servlet.ServletResponseWrapper::flushBuffer (10 bytes)
Event: 201.373 Thread 0x0000022b410254b0 nmethod 11709 0x0000022b505b6d08 code [0x0000022b505b6e20, 0x0000022b505b6ff0]
Event: 201.373 Thread 0x0000022b410254b0 11707       3       jakarta.servlet.ServletResponseWrapper::getOutputStream (10 bytes)
Event: 201.373 Thread 0x0000022b410254b0 nmethod 11707 0x0000022b505b7008 code [0x0000022b505b7120, 0x0000022b505b72f0]
Event: 201.374 Thread 0x0000022b410254b0 11706       3       org.springframework.web.util.UrlPathHelper::decodeRequestString (16 bytes)
Event: 201.374 Thread 0x0000022b410254b0 nmethod 11706 0x0000022b505b7308 code [0x0000022b505b7420, 0x0000022b505b75b0]
Event: 201.374 Thread 0x0000022b410254b0 11705       3       com.fasterxml.jackson.databind.SerializerProvider::isUnknownTypeSerializer (37 bytes)
Event: 201.378 Thread 0x0000022b410254b0 nmethod 11705 0x0000022b505b7608 code [0x0000022b505b7740, 0x0000022b505b7cc8]
Event: 201.764 Thread 0x0000022b410254b0 11711       3       com.mongodb.internal.connection.DefaultConnectionPool::access$600 (6 bytes)
Event: 201.765 Thread 0x0000022b410254b0 nmethod 11711 0x0000022b505b7d08 code [0x0000022b505b7e60, 0x0000022b505b8110]
Event: 202.073 Thread 0x0000022b410205c0 11712       4       org.bson.io.ByteBufferBsonInput::computeCStringLength (149 bytes)
Event: 202.088 Thread 0x0000022b410205c0 nmethod 11712 0x0000022b57478288 code [0x0000022b574783c0, 0x0000022b574787b8]
Event: 206.990 Thread 0x0000022b410205c0 11713       4       java.io.ObjectOutputStream$BlockDataOutputStream::setBlockDataMode (35 bytes)
Event: 207.008 Thread 0x0000022b410205c0 nmethod 11713 0x0000022b57478888 code [0x0000022b57478a00, 0x0000022b574792a8]
Event: 207.259 Thread 0x0000022b410205c0 11714       4       java.lang.invoke.VarHandleGuards::guard_LLL_Z (86 bytes)
Event: 207.270 Thread 0x0000022b410205c0 nmethod 11714 0x0000022b57479308 code [0x0000022b57479460, 0x0000022b57479a58]
Event: 208.023 Thread 0x0000022b410205c0 11715       4       java.io.ObjectInputStream$PeekInputStream::readFully (48 bytes)
Event: 208.030 Thread 0x0000022b410205c0 nmethod 11715 0x0000022b57479b08 code [0x0000022b57479c60, 0x0000022b57479f78]
Event: 210.540 Thread 0x0000022b410205c0 11716   !   4       java.io.ObjectOutputStream::defaultWriteFields (288 bytes)

GC Heap History (20 events):
Event: 32.617 GC heap before
{Heap before GC invocations=17 (full 0):
 garbage-first heap   total reserved 1921024K, committed 53248K, used 44555K [0x000000008ac00000, 0x0000000100000000)
  region size 1024K, 16 young (16384K), 3 survivors (3072K)
 Metaspace       used 53712K, committed 54272K, reserved 1114112K
  class space    used 5869K, committed 6144K, reserved 1048576K
}
Event: 32.621 GC heap after
{Heap after GC invocations=18 (full 0):
 garbage-first heap   total reserved 1921024K, committed 53248K, used 32560K [0x000000008ac00000, 0x0000000100000000)
  region size 1024K, 2 young (2048K), 2 survivors (2048K)
 Metaspace       used 53712K, committed 54272K, reserved 1114112K
  class space    used 5869K, committed 6144K, reserved 1048576K
}
Event: 38.404 GC heap before
{Heap before GC invocations=18 (full 0):
 garbage-first heap   total reserved 1921024K, committed 53248K, used 45872K [0x000000008ac00000, 0x0000000100000000)
  region size 1024K, 15 young (15360K), 2 survivors (2048K)
 Metaspace       used 55205K, committed 55744K, reserved 1114112K
  class space    used 6069K, committed 6336K, reserved 1048576K
}
Event: 38.409 GC heap after
{Heap after GC invocations=19 (full 0):
 garbage-first heap   total reserved 1921024K, committed 53248K, used 33087K [0x000000008ac00000, 0x0000000100000000)
  region size 1024K, 1 young (1024K), 1 survivors (1024K)
 Metaspace       used 55205K, committed 55744K, reserved 1114112K
  class space    used 6069K, committed 6336K, reserved 1048576K
}
Event: 42.391 GC heap before
{Heap before GC invocations=19 (full 0):
 garbage-first heap   total reserved 1921024K, committed 53248K, used 46399K [0x000000008ac00000, 0x0000000100000000)
  region size 1024K, 15 young (15360K), 1 survivors (1024K)
 Metaspace       used 55926K, committed 56512K, reserved 1114112K
  class space    used 6163K, committed 6400K, reserved 1048576K
}
Event: 42.394 GC heap after
{Heap after GC invocations=20 (full 0):
 garbage-first heap   total reserved 1921024K, committed 53248K, used 33537K [0x000000008ac00000, 0x0000000100000000)
  region size 1024K, 2 young (2048K), 2 survivors (2048K)
 Metaspace       used 55926K, committed 56512K, reserved 1114112K
  class space    used 6163K, committed 6400K, reserved 1048576K
}
Event: 46.863 GC heap before
{Heap before GC invocations=21 (full 0):
 garbage-first heap   total reserved 1921024K, committed 58368K, used 44801K [0x000000008ac00000, 0x0000000100000000)
  region size 1024K, 14 young (14336K), 2 survivors (2048K)
 Metaspace       used 58698K, committed 59328K, reserved 1114112K
  class space    used 6480K, committed 6784K, reserved 1048576K
}
Event: 46.868 GC heap after
{Heap after GC invocations=22 (full 0):
 garbage-first heap   total reserved 1921024K, committed 58368K, used 34475K [0x000000008ac00000, 0x0000000100000000)
  region size 1024K, 2 young (2048K), 2 survivors (2048K)
 Metaspace       used 58698K, committed 59328K, reserved 1114112K
  class space    used 6480K, committed 6784K, reserved 1048576K
}
Event: 48.142 GC heap before
{Heap before GC invocations=22 (full 0):
 garbage-first heap   total reserved 1921024K, committed 58368K, used 49835K [0x000000008ac00000, 0x0000000100000000)
  region size 1024K, 18 young (18432K), 2 survivors (2048K)
 Metaspace       used 61438K, committed 62080K, reserved 1114112K
  class space    used 6792K, committed 7104K, reserved 1048576K
}
Event: 48.148 GC heap after
{Heap after GC invocations=23 (full 0):
 garbage-first heap   total reserved 1921024K, committed 58368K, used 35123K [0x000000008ac00000, 0x0000000100000000)
  region size 1024K, 3 young (3072K), 3 survivors (3072K)
 Metaspace       used 61438K, committed 62080K, reserved 1114112K
  class space    used 6792K, committed 7104K, reserved 1048576K
}
Event: 59.096 GC heap before
{Heap before GC invocations=23 (full 0):
 garbage-first heap   total reserved 1921024K, committed 58368K, used 49459K [0x000000008ac00000, 0x0000000100000000)
  region size 1024K, 18 young (18432K), 3 survivors (3072K)
 Metaspace       used 62188K, committed 62784K, reserved 1114112K
  class space    used 6843K, committed 7104K, reserved 1048576K
}
Event: 59.102 GC heap after
{Heap after GC invocations=24 (full 0):
 garbage-first heap   total reserved 1921024K, committed 58368K, used 35805K [0x000000008ac00000, 0x0000000100000000)
  region size 1024K, 2 young (2048K), 2 survivors (2048K)
 Metaspace       used 62188K, committed 62784K, reserved 1114112K
  class space    used 6843K, committed 7104K, reserved 1048576K
}
Event: 67.589 GC heap before
{Heap before GC invocations=25 (full 0):
 garbage-first heap   total reserved 1921024K, committed 60416K, used 51165K [0x000000008ac00000, 0x0000000100000000)
  region size 1024K, 18 young (18432K), 2 survivors (2048K)
 Metaspace       used 62665K, committed 63232K, reserved 1114112K
  class space    used 6855K, committed 7104K, reserved 1048576K
}
Event: 67.592 GC heap after
{Heap after GC invocations=26 (full 0):
 garbage-first heap   total reserved 1921024K, committed 60416K, used 35998K [0x000000008ac00000, 0x0000000100000000)
  region size 1024K, 2 young (2048K), 2 survivors (2048K)
 Metaspace       used 62665K, committed 63232K, reserved 1114112K
  class space    used 6855K, committed 7104K, reserved 1048576K
}
Event: 105.150 GC heap before
{Heap before GC invocations=26 (full 0):
 garbage-first heap   total reserved 1921024K, committed 60416K, used 52382K [0x000000008ac00000, 0x0000000100000000)
  region size 1024K, 19 young (19456K), 2 survivors (2048K)
 Metaspace       used 63403K, committed 64064K, reserved 1114112K
  class space    used 6929K, committed 7232K, reserved 1048576K
}
Event: 105.156 GC heap after
{Heap after GC invocations=27 (full 0):
 garbage-first heap   total reserved 1921024K, committed 60416K, used 35666K [0x000000008ac00000, 0x0000000100000000)
  region size 1024K, 2 young (2048K), 2 survivors (2048K)
 Metaspace       used 63403K, committed 64064K, reserved 1114112K
  class space    used 6929K, committed 7232K, reserved 1048576K
}
Event: 127.795 GC heap before
{Heap before GC invocations=27 (full 0):
 garbage-first heap   total reserved 1921024K, committed 60416K, used 52050K [0x000000008ac00000, 0x0000000100000000)
  region size 1024K, 19 young (19456K), 2 survivors (2048K)
 Metaspace       used 64975K, committed 65600K, reserved 1114112K
  class space    used 7081K, committed 7360K, reserved 1048576K
}
Event: 127.806 GC heap after
{Heap after GC invocations=28 (full 0):
 garbage-first heap   total reserved 1921024K, committed 60416K, used 36122K [0x000000008ac00000, 0x0000000100000000)
  region size 1024K, 2 young (2048K), 2 survivors (2048K)
 Metaspace       used 64975K, committed 65600K, reserved 1114112K
  class space    used 7081K, committed 7360K, reserved 1048576K
}
Event: 157.494 GC heap before
{Heap before GC invocations=29 (full 0):
 garbage-first heap   total reserved 1921024K, committed 61440K, used 53530K [0x000000008ac00000, 0x0000000100000000)
  region size 1024K, 20 young (20480K), 2 survivors (2048K)
 Metaspace       used 65488K, committed 66176K, reserved 1114112K
  class space    used 7110K, committed 7424K, reserved 1048576K
}
Event: 157.531 GC heap after
{Heap after GC invocations=30 (full 0):
 garbage-first heap   total reserved 1921024K, committed 61440K, used 36284K [0x000000008ac00000, 0x0000000100000000)
  region size 1024K, 2 young (2048K), 2 survivors (2048K)
 Metaspace       used 65488K, committed 66176K, reserved 1114112K
  class space    used 7110K, committed 7424K, reserved 1048576K
}

Dll operation events (14 events):
Event: 0.039 Loaded shared library C:\Users\USER\.jdks\openjdk-24.0.1\bin\java.dll
Event: 0.126 Loaded shared library C:\Users\USER\.jdks\openjdk-24.0.1\bin\jsvml.dll
Event: 0.455 Loaded shared library C:\Users\USER\.jdks\openjdk-24.0.1\bin\zip.dll
Event: 0.463 Loaded shared library C:\Users\USER\.jdks\openjdk-24.0.1\bin\instrument.dll
Event: 0.476 Loaded shared library C:\Users\USER\.jdks\openjdk-24.0.1\bin\net.dll
Event: 0.482 Loaded shared library C:\Users\USER\.jdks\openjdk-24.0.1\bin\nio.dll
Event: 0.489 Loaded shared library C:\Users\USER\.jdks\openjdk-24.0.1\bin\zip.dll
Event: 0.722 Loaded shared library C:\Users\USER\.jdks\openjdk-24.0.1\bin\jimage.dll
Event: 0.885 Loaded shared library C:\Program Files\JetBrains\IntelliJ IDEA 2024.3\bin\breakgen64.dll
Event: 0.920 Loaded shared library C:\Users\USER\.jdks\openjdk-24.0.1\bin\extnet.dll
Event: 0.976 Loaded shared library C:\Users\USER\.jdks\openjdk-24.0.1\bin\management.dll
Event: 1.013 Loaded shared library C:\Users\USER\.jdks\openjdk-24.0.1\bin\management_ext.dll
Event: 4.451 Loaded shared library C:\Users\USER\.jdks\openjdk-24.0.1\bin\sunmscapi.dll
Event: 9.043 Loaded shared library C:\Users\USER\.jdks\openjdk-24.0.1\bin\verify.dll

Deoptimization events (20 events):
Event: 155.579 Thread 0x0000022b411c91a0 DEOPT PACKING pc=0x0000022b57438da8 sp=0x000000ceb56fedf0
Event: 155.579 Thread 0x0000022b411c91a0 DEOPT UNPACKING pc=0x0000022b569f5c02 sp=0x000000ceb56fed90 mode 2
Event: 163.064 Thread 0x0000022b42415840 DEOPT PACKING pc=0x0000022b50031397 sp=0x000000ceb80fb880
Event: 163.064 Thread 0x0000022b42415840 DEOPT UNPACKING pc=0x0000022b56935722 sp=0x000000ceb80fada8 mode 0
Event: 163.198 Thread 0x0000022b410fd000 Uncommon trap: trap_request=0xffffffbe fr.pc=0x0000022b5745d8c4 relative=0x0000000000000664
Event: 163.198 Thread 0x0000022b410fd000 Uncommon trap: reason=profile_predicate action=maybe_recompile pc=0x0000022b5745d8c4 method=com.sun.crypto.provider.HmacCore.engineInit(Ljava/security/Key;Ljava/security/spec/AlgorithmParameterSpec;)V @ 88 c2
Event: 163.198 Thread 0x0000022b410fd000 DEOPT PACKING pc=0x0000022b5745d8c4 sp=0x000000ceb85fbb20
Event: 163.198 Thread 0x0000022b410fd000 DEOPT UNPACKING pc=0x0000022b569f5c02 sp=0x000000ceb85fbab8 mode 2
Event: 163.200 Thread 0x0000022b410fd000 Uncommon trap: trap_request=0xffffffbe fr.pc=0x0000022b5745d8c4 relative=0x0000000000000664
Event: 163.200 Thread 0x0000022b410fd000 Uncommon trap: reason=profile_predicate action=maybe_recompile pc=0x0000022b5745d8c4 method=com.sun.crypto.provider.HmacCore.engineInit(Ljava/security/Key;Ljava/security/spec/AlgorithmParameterSpec;)V @ 88 c2
Event: 163.200 Thread 0x0000022b410fd000 DEOPT PACKING pc=0x0000022b5745d8c4 sp=0x000000ceb85fbb20
Event: 163.200 Thread 0x0000022b410fd000 DEOPT UNPACKING pc=0x0000022b569f5c02 sp=0x000000ceb85fbab8 mode 2
Event: 163.202 Thread 0x0000022b413a1b50 Uncommon trap: trap_request=0xffffffbe fr.pc=0x0000022b5745d8c4 relative=0x0000000000000664
Event: 163.202 Thread 0x0000022b413a1b50 Uncommon trap: reason=profile_predicate action=maybe_recompile pc=0x0000022b5745d8c4 method=com.sun.crypto.provider.HmacCore.engineInit(Ljava/security/Key;Ljava/security/spec/AlgorithmParameterSpec;)V @ 88 c2
Event: 163.202 Thread 0x0000022b413a1b50 DEOPT PACKING pc=0x0000022b5745d8c4 sp=0x000000ceb75fbdf0
Event: 163.202 Thread 0x0000022b413a1b50 DEOPT UNPACKING pc=0x0000022b569f5c02 sp=0x000000ceb75fbd88 mode 2
Event: 163.203 Thread 0x0000022b410fd000 Uncommon trap: trap_request=0xffffffbe fr.pc=0x0000022b5745d8c4 relative=0x0000000000000664
Event: 163.203 Thread 0x0000022b410fd000 Uncommon trap: reason=profile_predicate action=maybe_recompile pc=0x0000022b5745d8c4 method=com.sun.crypto.provider.HmacCore.engineInit(Ljava/security/Key;Ljava/security/spec/AlgorithmParameterSpec;)V @ 88 c2
Event: 163.203 Thread 0x0000022b410fd000 DEOPT PACKING pc=0x0000022b5745d8c4 sp=0x000000ceb85f9fb0
Event: 163.203 Thread 0x0000022b410fd000 DEOPT UNPACKING pc=0x0000022b569f5c02 sp=0x000000ceb85f9f48 mode 2

Classes loaded (20 events):
Event: 126.922 Loading class sun/net/www/protocol/http/HttpURLConnection$StreamingOutputStream
Event: 126.923 Loading class sun/net/www/protocol/http/HttpURLConnection$StreamingOutputStream done
Event: 127.549 Loading class sun/net/www/HeaderParser
Event: 127.550 Loading class sun/net/www/HeaderParser done
Event: 127.551 Loading class sun/net/www/http/KeepAliveStream
Event: 127.551 Loading class sun/security/ssl/AbstractTrustManagerWrapper
Event: 127.551 Loading class sun/net/www/MeteredStream
Event: 127.552 Loading class sun/security/ssl/AbstractTrustManagerWrapper done
Event: 127.553 Loading class sun/net/www/MeteredStream done
Event: 127.553 Loading class sun/net/www/http/KeepAliveStream done
Event: 127.553 Loading class sun/net/www/http/KeepAliveStreamCleaner
Event: 127.554 Loading class sun/net/www/http/KeepAliveStreamCleaner done
Event: 127.560 Loading class java/net/HttpRetryException
Event: 127.561 Loading class java/net/HttpRetryException done
Event: 127.566 Loading class java/io/InputStream$1
Event: 127.567 Loading class java/io/InputStream$1 done
Event: 127.580 Loading class java/io/OutputStream$1
Event: 127.581 Loading class java/io/OutputStream$1 done
Event: 131.479 Loading class sun/net/ConnectionResetException
Event: 131.479 Loading class sun/net/ConnectionResetException done

Classes unloaded (11 events):
Event: 22.203 Thread 0x0000022b63cce3f0 Unloading class 0x0000022b01491400 'java/lang/invoke/LambdaForm$DMH+0x0000022b01491400'
Event: 22.203 Thread 0x0000022b63cce3f0 Unloading class 0x0000022b01491000 'java/lang/invoke/LambdaForm$DMH+0x0000022b01491000'
Event: 22.203 Thread 0x0000022b63cce3f0 Unloading class 0x0000022b01490800 'java/lang/invoke/LambdaForm$DMH+0x0000022b01490800'
Event: 22.203 Thread 0x0000022b63cce3f0 Unloading class 0x0000022b01490400 'java/lang/invoke/LambdaForm$DMH+0x0000022b01490400'
Event: 28.277 Thread 0x0000022b63cce3f0 Unloading class 0x0000022b01534400 'java/lang/invoke/LambdaForm$DMH+0x0000022b01534400'
Event: 28.277 Thread 0x0000022b63cce3f0 Unloading class 0x0000022b0152c400 'java/lang/invoke/LambdaForm$DMH+0x0000022b0152c400'
Event: 28.277 Thread 0x0000022b63cce3f0 Unloading class 0x0000022b0152c800 'java/lang/invoke/LambdaForm$DMH+0x0000022b0152c800'
Event: 28.277 Thread 0x0000022b63cce3f0 Unloading class 0x0000022b0151d800 'java/lang/invoke/LambdaForm$DMH+0x0000022b0151d800'
Event: 28.277 Thread 0x0000022b63cce3f0 Unloading class 0x0000022b0151d400 'java/lang/invoke/LambdaForm$DMH+0x0000022b0151d400'
Event: 28.277 Thread 0x0000022b63cce3f0 Unloading class 0x0000022b0151cc00 'java/lang/invoke/LambdaForm$DMH+0x0000022b0151cc00'
Event: 28.277 Thread 0x0000022b63cce3f0 Unloading class 0x0000022b0151c400 'java/lang/invoke/LambdaForm$DMH+0x0000022b0151c400'

Classes redefined (0 events):
No events

Internal exceptions (20 events):
Event: 126.213 Thread 0x0000022b42415f90 Exception <a 'java/io/FileNotFoundException'{0x000000008d970968}> (0x000000008d970968) 
thrown [s\open\src\hotspot\share\prims\jni.cpp, line 518]
Event: 126.294 Thread 0x0000022b42415f90 Exception <a 'java/io/IOException'{0x000000008d871e88}> (0x000000008d871e88) 
thrown [s\open\src\hotspot\share\prims\jni.cpp, line 518]
Event: 126.296 Thread 0x0000022b42415f90 Exception <a 'java/lang/NullPointerException'{0x000000008d880dc8}> (0x000000008d880dc8) 
thrown [s\open\src\hotspot\share\interpreter\linkResolver.cpp, line 1417]
Event: 126.296 Thread 0x0000022b42415f90 Exception <a 'java/lang/NullPointerException'{0x000000008d8810d8}> (0x000000008d8810d8) 
thrown [s\open\src\hotspot\share\interpreter\linkResolver.cpp, line 1417]
Event: 126.296 Thread 0x0000022b42415f90 Exception <a 'java/lang/NullPointerException'{0x000000008d8813e8}> (0x000000008d8813e8) 
thrown [s\open\src\hotspot\share\interpreter\linkResolver.cpp, line 1417]
Event: 126.316 Thread 0x0000022b42415f90 Exception <a 'java/lang/NullPointerException'{0x000000008d8dbd60}> (0x000000008d8dbd60) 
thrown [s\open\src\hotspot\share\interpreter\linkResolver.cpp, line 1417]
Event: 126.316 Thread 0x0000022b42415f90 Exception <a 'java/lang/NullPointerException'{0x000000008d8dc070}> (0x000000008d8dc070) 
thrown [s\open\src\hotspot\share\interpreter\linkResolver.cpp, line 1417]
Event: 126.316 Thread 0x0000022b42415f90 Exception <a 'java/lang/NullPointerException'{0x000000008d8dc380}> (0x000000008d8dc380) 
thrown [s\open\src\hotspot\share\interpreter\linkResolver.cpp, line 1417]
Event: 126.321 Thread 0x0000022b42415f90 Exception <a 'java/io/FileNotFoundException'{0x000000008d8f2900}> (0x000000008d8f2900) 
thrown [s\open\src\hotspot\share\prims\jni.cpp, line 518]
Event: 126.901 Thread 0x0000022b4241a160 Implicit null exception at 0x0000022b501091a8 to 0x0000022b50109f1a
Event: 126.901 Thread 0x0000022b4241a160 Exception <a 'java/lang/NullPointerException'{0x000000008d6d9cf8}> (0x000000008d6d9cf8) 
thrown [s\open\src\hotspot\share\runtime\sharedRuntime.cpp, line 678]
Event: 128.981 Thread 0x0000022b42415f90 Exception <a 'java/io/FileNotFoundException'{0x00000000fff73508}> (0x00000000fff73508) 
thrown [s\open\src\hotspot\share\prims\jni.cpp, line 518]
Event: 128.983 Thread 0x0000022b42415f90 Exception <a 'java/io/FileNotFoundException'{0x00000000fff80040}> (0x00000000fff80040) 
thrown [s\open\src\hotspot\share\prims\jni.cpp, line 518]
Event: 131.477 Thread 0x0000022b42415f90 Exception <a 'java/io/IOException'{0x0000000092143c60}> (0x0000000092143c60) 
thrown [s\open\src\hotspot\share\prims\jni.cpp, line 518]
Event: 131.479 Thread 0x0000022b42415f90 Exception <a 'java/io/IOException'{0x0000000092145118}> (0x0000000092145118) 
thrown [s\open\src\hotspot\share\prims\jni.cpp, line 518]
Event: 132.899 Thread 0x0000022b410fed40 Exception <a 'java/lang/NoSuchMethodError'{0x000000008fab2118}: 'java.lang.Object java.lang.invoke.DirectMethodHandle$Holder.invokeSpecial(java.lang.Object, java.lang.Object, int, java.lang.Object, int)'> (0x000000008fab2118) 
thrown [s\open\src\hotspot\share\interpreter\linkResolver.cpp, line 805]
Event: 132.901 Thread 0x0000022b410fed40 Exception <a 'java/lang/NoSuchMethodError'{0x000000008fabb310}: 'java.lang.Object java.lang.invoke.DirectMethodHandle$Holder.invokeSpecial(java.lang.Object, java.lang.Object, java.lang.Object, int, java.lang.Object, int)'> (0x000000008fabb310) 
thrown [s\open\src\hotspot\share\interpreter\linkResolver.cpp, line 805]
Event: 132.902 Thread 0x0000022b410fed40 Exception <a 'java/lang/NoSuchMethodError'{0x000000008fac3f90}: 'java.lang.Object java.lang.invoke.DelegatingMethodHandle$Holder.reinvoke_L(java.lang.Object, java.lang.Object, int, java.lang.Object, int)'> (0x000000008fac3f90) 
thrown [s\open\src\hotspot\share\interpreter\linkResolver.cpp, line 805]
Event: 132.905 Thread 0x0000022b410fed40 Exception <a 'java/lang/NoSuchMethodError'{0x000000008fae6580}: 'java.lang.Object java.lang.invoke.DirectMethodHandle$Holder.invokeSpecial(java.lang.Object, java.lang.Object, long, java.lang.Object)'> (0x000000008fae6580) 
thrown [s\open\src\hotspot\share\interpreter\linkResolver.cpp, line 805]
Event: 132.906 Thread 0x0000022b410fed40 Exception <a 'java/lang/NoSuchMethodError'{0x000000008faef258}: 'java.lang.Object java.lang.invoke.DelegatingMethodHandle$Holder.reinvoke_L(java.lang.Object, java.lang.Object, long, java.lang.Object)'> (0x000000008faef258) 
thrown [s\open\src\hotspot\share\interpreter\linkResolver.cpp, line 805]

VM Operations (20 events):
Event: 120.379 Executing VM operation: HandshakeAllThreads (HandshakeForDeflation)
Event: 120.379 Executing VM operation: HandshakeAllThreads (HandshakeForDeflation) done
Event: 120.379 Executing VM operation: RendezvousGCThreads
Event: 120.379 Executing VM operation: RendezvousGCThreads done
Event: 126.191 Executing VM operation: HandshakeAllThreads (Deoptimize)
Event: 126.191 Executing VM operation: HandshakeAllThreads (Deoptimize) done
Event: 127.557 Executing VM operation: HandshakeAllThreads (Deoptimize)
Event: 127.557 Executing VM operation: HandshakeAllThreads (Deoptimize) done
Event: 127.793 Executing VM operation: G1CollectForAllocation (G1 Evacuation Pause)
Event: 127.806 Executing VM operation: G1CollectForAllocation (G1 Evacuation Pause) done
Event: 127.869 Executing VM operation: G1PauseRemark
Event: 127.885 Executing VM operation: G1PauseRemark done
Event: 127.902 Executing VM operation: G1PauseCleanup
Event: 127.902 Executing VM operation: G1PauseCleanup done
Event: 157.490 Executing VM operation: G1CollectForAllocation (G1 Evacuation Pause)
Event: 157.531 Executing VM operation: G1CollectForAllocation (G1 Evacuation Pause) done
Event: 180.479 Executing VM operation: HandshakeAllThreads (HandshakeForDeflation)
Event: 180.479 Executing VM operation: HandshakeAllThreads (HandshakeForDeflation) done
Event: 180.479 Executing VM operation: RendezvousGCThreads
Event: 180.479 Executing VM operation: RendezvousGCThreads done

Memory protections (0 events):
No events

Nmethod flushes (20 events):
Event: 127.882 Thread 0x0000022b63cce3f0 flushing  nmethod 0x0000022b57398f08
Event: 127.882 Thread 0x0000022b63cce3f0 flushing  nmethod 0x0000022b4f611688
Event: 127.882 Thread 0x0000022b63cce3f0 flushing  nmethod 0x0000022b4f6e0b88
Event: 127.882 Thread 0x0000022b63cce3f0 flushing  nmethod 0x0000022b4f6e2a88
Event: 127.882 Thread 0x0000022b63cce3f0 flushing  nmethod 0x0000022b4f6e4f08
Event: 127.882 Thread 0x0000022b63cce3f0 flushing  nmethod 0x0000022b4f6e5208
Event: 127.882 Thread 0x0000022b63cce3f0 flushing  nmethod 0x0000022b4f7b1688
Event: 127.882 Thread 0x0000022b63cce3f0 flushing  nmethod 0x0000022b4fa59708
Event: 127.882 Thread 0x0000022b63cce3f0 flushing  nmethod 0x0000022b4fb6f088
Event: 127.882 Thread 0x0000022b63cce3f0 flushing  nmethod 0x0000022b4fe1e888
Event: 127.882 Thread 0x0000022b63cce3f0 flushing  nmethod 0x0000022b4ff1b008
Event: 127.882 Thread 0x0000022b63cce3f0 flushing  nmethod 0x0000022b4ff1b988
Event: 127.882 Thread 0x0000022b63cce3f0 flushing  nmethod 0x0000022b4ff20d88
Event: 127.882 Thread 0x0000022b63cce3f0 flushing  nmethod 0x0000022b4ffb2388
Event: 127.882 Thread 0x0000022b63cce3f0 flushing  nmethod 0x0000022b4fff2e88
Event: 127.882 Thread 0x0000022b63cce3f0 flushing  nmethod 0x0000022b4fff4788
Event: 127.882 Thread 0x0000022b63cce3f0 flushing  nmethod 0x0000022b4fff5508
Event: 127.882 Thread 0x0000022b63cce3f0 flushing  nmethod 0x0000022b4fff8008
Event: 127.882 Thread 0x0000022b63cce3f0 flushing  nmethod 0x0000022b500b3788
Event: 127.882 Thread 0x0000022b63cce3f0 flushing  nmethod 0x0000022b500b3a88

Events (20 events):
Event: 104.411 Thread 0x0000022b69b3fec0 Thread exited: 0x0000022b69b3fec0
Event: 119.238 Thread 0x0000022b410254b0 Thread added: 0x0000022b69b40de0
Event: 124.113 Thread 0x0000022b69b40de0 Thread exited: 0x0000022b69b40de0
Event: 125.589 Thread 0x0000022b411c8300 Thread added: 0x0000022b41103660
Event: 125.644 Thread 0x0000022b410254b0 Thread added: 0x0000022b69b40de0
Event: 126.051 Thread 0x0000022b413a22a0 Thread added: 0x0000022b42415f90
Event: 126.187 Thread 0x0000022b413a22a0 Thread added: 0x0000022b4241a160
Event: 126.921 Thread 0x0000022b4241a160 Thread added: 0x0000022b6ba064b0
Event: 126.922 Thread 0x0000022b6ba064b0 Thread exited: 0x0000022b6ba064b0
Event: 127.094 Thread 0x0000022b42415f90 Thread added: 0x0000022b6ba06c00
Event: 127.598 Thread 0x0000022b4241a160 Thread exited: 0x0000022b4241a160
Event: 128.994 Thread 0x0000022b69b40de0 Thread exited: 0x0000022b69b40de0
Event: 131.481 Thread 0x0000022b6ba06c00 Thread exited: 0x0000022b6ba06c00
Event: 131.481 Thread 0x0000022b42415f90 Thread exited: 0x0000022b42415f90
Event: 132.575 Thread 0x0000022b410254b0 Thread added: 0x0000022b69b3fec0
Event: 132.873 Thread 0x0000022b69b3fec0 Thread added: 0x0000022b69b442d0
Event: 138.106 Thread 0x0000022b69b442d0 Thread exited: 0x0000022b69b442d0
Event: 138.107 Thread 0x0000022b69b3fec0 Thread exited: 0x0000022b69b3fec0
Event: 163.063 Thread 0x0000022b410254b0 Thread added: 0x0000022b69b3fec0
Event: 165.077 Thread 0x0000022b69b3fec0 Thread exited: 0x0000022b69b3fec0


Dynamic libraries:
0x00007ff77b600000 - 0x00007ff77b60e000 	C:\Users\USER\.jdks\openjdk-24.0.1\bin\java.exe
0x00007ffab2ce0000 - 0x00007ffab2f47000 	C:\WINDOWS\SYSTEM32\ntdll.dll
0x00007ffa44a40000 - 0x00007ffa44a60000 	C:\Program Files\Avast Software\Avast\aswhook.dll
0x00007ffab16c0000 - 0x00007ffab1789000 	C:\WINDOWS\System32\KERNEL32.DLL
0x00007ffab0680000 - 0x00007ffab0a6f000 	C:\WINDOWS\System32\KERNELBASE.dll
0x00007ffab0240000 - 0x00007ffab038b000 	C:\WINDOWS\System32\ucrtbase.dll
0x00007ffaa5bd0000 - 0x00007ffaa5be6000 	C:\Users\USER\.jdks\openjdk-24.0.1\bin\jli.dll
0x00007ffaa5b10000 - 0x00007ffaa5b2b000 	C:\Users\USER\.jdks\openjdk-24.0.1\bin\VCRUNTIME140.dll
0x00007ffab1270000 - 0x00007ffab1435000 	C:\WINDOWS\System32\USER32.dll
0x00007ffa9cf90000 - 0x00007ffa9d223000 	C:\WINDOWS\WinSxS\amd64_microsoft.windows.common-controls_6595b64144ccf1df_6.0.26100.7309_none_3e05feeae336a044\COMCTL32.dll
0x00007ffab0440000 - 0x00007ffab0467000 	C:\WINDOWS\System32\win32u.dll
0x00007ffab1910000 - 0x00007ffab19b9000 	C:\WINDOWS\System32\msvcrt.dll
0x00007ffab1690000 - 0x00007ffab16bb000 	C:\WINDOWS\System32\GDI32.dll
0x00007ffab0110000 - 0x00007ffab023c000 	C:\WINDOWS\System32\gdi32full.dll
0x00007ffab0060000 - 0x00007ffab0103000 	C:\WINDOWS\System32\msvcp_win.dll
0x00007ffab2b60000 - 0x00007ffab2b91000 	C:\WINDOWS\System32\IMM32.DLL
0x00007ffaace10000 - 0x00007ffaace1c000 	C:\Users\USER\.jdks\openjdk-24.0.1\bin\vcruntime140_1.dll
0x00007ffa8bed0000 - 0x00007ffa8bf5e000 	C:\Users\USER\.jdks\openjdk-24.0.1\bin\msvcp140.dll
0x00007ffa4b8a0000 - 0x00007ffa4c642000 	C:\Users\USER\.jdks\openjdk-24.0.1\bin\server\jvm.dll
0x00007ffab1aa0000 - 0x00007ffab1b54000 	C:\WINDOWS\System32\ADVAPI32.dll
0x00007ffab17e0000 - 0x00007ffab1886000 	C:\WINDOWS\System32\sechost.dll
0x00007ffab1570000 - 0x00007ffab1688000 	C:\WINDOWS\System32\RPCRT4.dll
0x00007ffab1890000 - 0x00007ffab1904000 	C:\WINDOWS\System32\WS2_32.dll
0x00007ffaafae0000 - 0x00007ffaafb3e000 	C:\WINDOWS\SYSTEM32\POWRPROF.dll
0x00007ffaa9570000 - 0x00007ffaa957b000 	C:\WINDOWS\SYSTEM32\VERSION.dll
0x00007ffaa9530000 - 0x00007ffaa9565000 	C:\WINDOWS\SYSTEM32\WINMM.dll
0x00007ffaafac0000 - 0x00007ffaafad4000 	C:\WINDOWS\SYSTEM32\UMPDC.dll
0x00007ffaaeb80000 - 0x00007ffaaeb9b000 	C:\WINDOWS\SYSTEM32\kernel.appcore.dll
0x00007ffaaadd0000 - 0x00007ffaaadda000 	C:\Users\USER\.jdks\openjdk-24.0.1\bin\jimage.dll
0x00007ffaa4030000 - 0x00007ffaa4272000 	C:\WINDOWS\SYSTEM32\DBGHELP.DLL
0x00007ffab1cd0000 - 0x00007ffab2055000 	C:\WINDOWS\System32\combase.dll
0x00007ffab19c0000 - 0x00007ffab1a96000 	C:\WINDOWS\System32\OLEAUT32.dll
0x00007ffaa36d0000 - 0x00007ffaa370c000 	C:\WINDOWS\SYSTEM32\dbgcore.DLL
0x00007ffab0390000 - 0x00007ffab0435000 	C:\WINDOWS\System32\bcryptPrimitives.dll
0x00007ffaa5af0000 - 0x00007ffaa5aff000 	C:\Users\USER\.jdks\openjdk-24.0.1\bin\instrument.dll
0x00007ffaa5ac0000 - 0x00007ffaa5ade000 	C:\Users\USER\.jdks\openjdk-24.0.1\bin\java.dll
0x00007ffab26e0000 - 0x00007ffab2877000 	C:\WINDOWS\System32\ole32.dll
0x00007ffab0aa0000 - 0x00007ffab11f3000 	C:\WINDOWS\System32\SHELL32.dll
0x00007ffaafef0000 - 0x00007ffab005a000 	C:\WINDOWS\System32\wintypes.dll
0x00007ffaada50000 - 0x00007ffaae2ae000 	C:\WINDOWS\SYSTEM32\windows.storage.dll
0x00007ffab1bd0000 - 0x00007ffab1cc5000 	C:\WINDOWS\System32\SHCORE.dll
0x00007ffab1200000 - 0x00007ffab1266000 	C:\WINDOWS\System32\shlwapi.dll
0x00007ffaafd50000 - 0x00007ffaafd79000 	C:\WINDOWS\SYSTEM32\profapi.dll
0x00007ffa66b00000 - 0x00007ffa66bd7000 	C:\Users\USER\.jdks\openjdk-24.0.1\bin\jsvml.dll
0x00007ffa9ab50000 - 0x00007ffa9ab67000 	C:\Users\USER\.jdks\openjdk-24.0.1\bin\zip.dll
0x00007ffaa65b0000 - 0x00007ffaa65c0000 	C:\Users\USER\.jdks\openjdk-24.0.1\bin\net.dll
0x00007ffaaf150000 - 0x00007ffaaf1bb000 	C:\WINDOWS\system32\mswsock.dll
0x00007ffa9abf0000 - 0x00007ffa9ac06000 	C:\Users\USER\.jdks\openjdk-24.0.1\bin\nio.dll
0x00007ffa9ab30000 - 0x00007ffa9ab4a000 	C:\Program Files\JetBrains\IntelliJ IDEA 2024.3\bin\breakgen64.dll
0x00007ffaae6e0000 - 0x00007ffaae80c000 	C:\WINDOWS\SYSTEM32\DNSAPI.dll
0x00007ffaae640000 - 0x00007ffaae674000 	C:\WINDOWS\SYSTEM32\IPHLPAPI.DLL
0x00007ffab2ac0000 - 0x00007ffab2aca000 	C:\WINDOWS\System32\NSI.dll
0x00007ffaa6400000 - 0x00007ffaa640b000 	C:\Windows\System32\rasadhlp.dll
0x00007ffaaa6c0000 - 0x00007ffaaa746000 	C:\WINDOWS\System32\fwpuclnt.dll
0x00007ffaa5b80000 - 0x00007ffaa5b89000 	C:\Users\USER\.jdks\openjdk-24.0.1\bin\extnet.dll
0x00007ffaa5ae0000 - 0x00007ffaa5aea000 	C:\Users\USER\.jdks\openjdk-24.0.1\bin\management.dll
0x00007ffa9aa80000 - 0x00007ffa9aa8b000 	C:\Users\USER\.jdks\openjdk-24.0.1\bin\management_ext.dll
0x00007ffab24f0000 - 0x00007ffab24f8000 	C:\WINDOWS\System32\PSAPI.DLL
0x00007ffaaf410000 - 0x00007ffaaf42b000 	C:\WINDOWS\SYSTEM32\CRYPTSP.dll
0x00007ffaaeb40000 - 0x00007ffaaeb7a000 	C:\WINDOWS\system32\rsaenh.dll
0x00007ffaaf200000 - 0x00007ffaaf22b000 	C:\WINDOWS\SYSTEM32\USERENV.dll
0x00007ffaafd20000 - 0x00007ffaafd4a000 	C:\WINDOWS\SYSTEM32\bcrypt.dll
0x00007ffaaf430000 - 0x00007ffaaf43c000 	C:\WINDOWS\SYSTEM32\CRYPTBASE.dll
0x00007ffa6ee20000 - 0x00007ffa6ee38000 	C:\WINDOWS\system32\napinsp.dll
0x00007ffa6ee00000 - 0x00007ffa6ee12000 	C:\WINDOWS\System32\winrnr.dll
0x00007ffa6edd0000 - 0x00007ffa6edf2000 	C:\WINDOWS\system32\nlansp_c.dll
0x00007ffa82790000 - 0x00007ffa827a6000 	C:\WINDOWS\system32\wshbth.dll
0x00007ffa91fd0000 - 0x00007ffa92026000 	C:\WINDOWS\SYSTEM32\pdh.dll
0x00007ffa9aa90000 - 0x00007ffa9aaa2000 	C:\WINDOWS\System32\perfproc.dll
0x00007ffa97df0000 - 0x00007ffa97dfe000 	C:\Users\USER\.jdks\openjdk-24.0.1\bin\sunmscapi.dll
0x00007ffab0500000 - 0x00007ffab0677000 	C:\WINDOWS\System32\CRYPT32.dll
0x00007ffaaf630000 - 0x00007ffaaf660000 	C:\WINDOWS\SYSTEM32\ncrypt.dll
0x00007ffaaf5e0000 - 0x00007ffaaf61f000 	C:\WINDOWS\SYSTEM32\NTASN1.dll
0x00007ffaa5ab0000 - 0x00007ffaa5ac0000 	C:\Users\USER\.jdks\openjdk-24.0.1\bin\verify.dll
0x00007ffaaa2e0000 - 0x00007ffaaa2fe000 	C:\WINDOWS\SYSTEM32\dhcpcsvc6.DLL
0x00007ffaaa230000 - 0x00007ffaaa253000 	C:\WINDOWS\SYSTEM32\dhcpcsvc.DLL
0x00007ffa41410000 - 0x00007ffa41418000 	C:\WINDOWS\system32\wshunix.dll

JVMTI agents:
C:\Program Files\JetBrains\IntelliJ IDEA 2024.3\lib\idea_rt.jar path:C:\Users\USER\.jdks\openjdk-24.0.1\bin\instrument.dll, loaded, initialized, instrumentlib options:57150:C:\Program Files\JetBrains\IntelliJ IDEA 2024.3\bin

dbghelp: loaded successfully - version: 4.0.5 - missing functions: none
symbol engine: initialized successfully - sym options: 0x614 - pdb path: .;C:\Users\USER\.jdks\openjdk-24.0.1\bin;C:\WINDOWS\SYSTEM32;C:\Program Files\Avast Software\Avast;C:\WINDOWS\WinSxS\amd64_microsoft.windows.common-controls_6595b64144ccf1df_6.0.26100.7309_none_3e05feeae336a044;C:\Users\USER\.jdks\openjdk-24.0.1\bin\server;C:\Program Files\JetBrains\IntelliJ IDEA 2024.3\bin

VM Arguments:
jvm_args: -javaagent:C:\Program Files\JetBrains\IntelliJ IDEA 2024.3\lib\idea_rt.jar=57150:C:\Program Files\JetBrains\IntelliJ IDEA 2024.3\bin -Dfile.encoding=UTF-8 -Dsun.stdout.encoding=UTF-8 -Dsun.stderr.encoding=UTF-8 
java_command: com.LeaveDataManagementSystem.LeaveManagement.LeaveManagementApplication
java_class_path (initial): C:\Users\USER\Desktop\Leave\Leave-Management-System--COOP\Leave_backend\LeaveManagement\target\classes;C:\Users\USER\.m2\repository\org\springframework\boot\spring-boot-starter-data-mongodb\3.5.5\spring-boot-starter-data-mongodb-3.5.5.jar;C:\Users\USER\.m2\repository\org\springframework\boot\spring-boot-starter\3.5.5\spring-boot-starter-3.5.5.jar;C:\Users\USER\.m2\repository\org\springframework\boot\spring-boot-starter-logging\3.5.5\spring-boot-starter-logging-3.5.5.jar;C:\Users\USER\.m2\repository\ch\qos\logback\logback-classic\1.5.18\logback-classic-1.5.18.jar;C:\Users\USER\.m2\repository\ch\qos\logback\logback-core\1.5.18\logback-core-1.5.18.jar;C:\Users\USER\.m2\repository\org\apache\logging\log4j\log4j-to-slf4j\2.24.3\log4j-to-slf4j-2.24.3.jar;C:\Users\USER\.m2\repository\org\apache\logging\log4j\log4j-api\2.24.3\log4j-api-2.24.3.jar;C:\Users\USER\.m2\repository\org\slf4j\jul-to-slf4j\2.0.17\jul-to-slf4j-2.0.17.jar;C:\Users\USER\.m2\repository\jakarta\annotation\jakarta.annotation-api\2.1.1\jakarta.annotation-api-2.1.1.jar;C:\Users\USER\.m2\repository\org\yaml\snakeyaml\2.4\snakeyaml-2.4.jar;C:\Users\USER\.m2\repository\org\mongodb\mongodb-driver-sync\5.5.1\mongodb-driver-sync-5.5.1.jar;C:\Users\USER\.m2\repository\org\mongodb\bson\5.5.1\bson-5.5.1.jar;C:\Users\USER\.m2\repository\org\mongodb\mongodb-driver-core\5.5.1\mongodb-driver-core-5.5.1.jar;C:\Users\USER\.m2\repository\org\mongodb\bson-record-codec\5.5.1\bson-record-codec-5.5.1.jar;C:\Users\USER\.m2\repository\org\springframework\data\spring-data-mongodb\4.5.3\spring-data-mongodb-4.5.3.jar;C:\Users\USER\.m2\repository\org\springframework\spring-tx\6.2.10\spring-tx-6.2.10.jar;C:\Users\USER\.m2\repository\org\springframework\spring-context\6.2.10\spring-context-6.2.10.jar;C:\Users\USER\.m2\repository\org\springframework\spring-beans\6.2.10\spring-beans-6.2.10.jar;C:\Users\USER\.m2\repository\org\springframework\spring-expression\6.2.10\spring-expression-6.2.10.jar;C:\Users\USER\.m2\repository\org\springframework\data\spring-data-commons\3.5.3\spring-data-commons-3.5.3.jar;C:\Users\USER\.m2\repository\org\slf4j\slf4j-api\2.0.17\slf4j-api-2.0.17.jar;C:\Users\USER\.m2\repository\org\springframework\boot\spring-boot-starter-security\3.5.5\spring-boot-starter-security-3.5.5.jar;C:\Users\USER\.m2\repository\org\springframework\spring-aop\6.2.10\spring-aop-6.2.10.jar;C:\Users\USER\.m2\repository\org\springframework\security\spring-security-config\6.5.3\spring-security-config-6.5.3.jar;C:\Users\USER\.m2\repository\org\springframework\security\spring-security-core\6.5.3\spring-security-core-6.5.3.jar;C:\Users\USER\.m2\repository\org\springframework\security\spring-security-crypto\6.5.3\spring-security-crypto-6.5.3.jar;C:\Users\USER\.m2\repository\org\springframework\security\spring-security-web\6.5.3\spring-security-web-6.5.3.jar;C:\Users\USER\.m2\repository\io\jsonwebtoken\jjwt-api\0.11.5\jjwt-api-0.11.5.jar;C:\Users\USER\.m2\repository\io\jsonwebtoken\jjwt-impl\0.11.5\jjwt-impl-0.11.5.jar;C:\Users\USER\.m2\repository\io\jsonwebtoken\jjwt-jackson\0.11.5\jjwt-jackson-0.11.5.jar;C:\Users\USER\.m2\repository\com\fasterxml\jackson\core\jackson-databind\2.19.2\jackson-databind-2.19.2.jar;C:\Users\USER\.m2\repository\com\fasterxml\jackson\core\jackson-annotations\2.19.2\jackson-annotations-2.19.2.jar;C:\Users\USER\.m2\repository\com\fasterxml\jackson\core\jackson-core\2.19.2\jackson-core-2.19.2.jar;C:\Users\USER\.m2\repository\org\springframework\boot\spring-boot-starter-validation\3.5.5\spring-boot-starter-validation-3.5.5.jar;C:\Users\USER\.m2\repository\org\apache\tomcat\embed\tomcat-embed-el\10.1.44\tomcat-embed-el-10.1.44.jar;C:\Users\USER\.m2\repository\org\hibernate\validator\hibernate-validator\8.0.3.Final\hibernate-validator-8.0.3.Final.jar;C:\Users\USER\.m2\repository\jakarta\validation\jakarta.validation-api\3.0.2\jakarta.validation-api-3.0.2.jar;C:\Users\USER\.m2\repository\org\jboss\logging\jboss-logging\3.6.1.Final\jboss-logging-3.6.1.Final.jar;C:\Users\USER\.m2\repository\com\fasterxml\classmate\1.7.0\classmate-1.7.0.jar;C:\Users\USER\.m2\repository\org\springframework\boot\spring-boot-starter-web\3.5.5\spring-boot-starter-web-3.5.5.jar;C:\Users\USER\.m2\repository\org\springframework\boot\spring-boot-starter-json\3.5.5\spring-boot-starter-json-3.5.5.jar;C:\Users\USER\.m2\repository\com\fasterxml\jackson\datatype\jackson-datatype-jdk8\2.19.2\jackson-datatype-jdk8-2.19.2.jar;C:\Users\USER\.m2\repository\com\fasterxml\jackson\datatype\jackson-datatype-jsr310\2.19.2\jackson-datatype-jsr310-2.19.2.jar;C:\Users\USER\.m2\repository\com\fasterxml\jackson\module\jackson-module-parameter-names\2.19.2\jackson-module-parameter-names-2.19.2.jar;C:\Users\USER\.m2\repository\org\springframework\boot\spring-boot-starter-tomcat\3.5.5\spring-boot-starter-tomcat-3.5.5.jar;C:\Users\USER\.m2\repository\org\apache\tomcat\embed\tomcat-embed-core\10.1.44\tomcat-embed-core-10.1.44.jar;C:\Users\USER\.m2\repository\org\apache\tomcat\embed\tomcat-embed-websocket\10.1.44\tomcat-embed-websocket-10.1.44.jar;C:\Users\USER\.m2\repository\org\springframework\spring-web\6.2.10\spring-web-6.2.10.jar;C:\Users\USER\.m2\repository\io\micrometer\micrometer-observation\1.15.3\micrometer-observation-1.15.3.jar;C:\Users\USER\.m2\repository\io\micrometer\micrometer-commons\1.15.3\micrometer-commons-1.15.3.jar;C:\Users\USER\.m2\repository\org\springframework\spring-webmvc\6.2.10\spring-webmvc-6.2.10.jar;C:\Users\USER\.m2\repository\org\springframework\boot\spring-boot-devtools\3.5.5\spring-boot-devtools-3.5.5.jar;C:\Users\USER\.m2\repository\org\springframework\boot\spring-boot\3.5.5\spring-boot-3.5.5.jar;C:\Users\USER\.m2\repository\org\springframework\boot\spring-boot-autoconfigure\3.5.5\spring-boot-autoconfigure-3.5.5.jar;C:\Users\USER\.m2\repository\org\projectlombok\lombok\1.18.38\lombok-1.18.38.jar;C:\Users\USER\.m2\repository\jakarta\activation\jakarta.activation-api\2.1.3\jakarta.activation-api-2.1.3.jar;C:\Users\USER\.m2\repository\org\springframework\spring-core\6.2.10\spring-core-6.2.10.jar;C:\Users\USER\.m2\repository\org\springframework\spring-jcl\6.2.10\spring-jcl-6.2.10.jar;C:\Users\USER\.m2\repository\commons-logging\commons-logging\1.2\commons-logging-1.2.jar;C:\Users\USER\.m2\repository\org\springframework\boot\spring-boot-starter-mail\3.5.5\spring-boot-starter-mail-3.5.5.jar;C:\Users\USER\.m2\repository\org\springframework\spring-context-support\6.2.10\spring-context-support-6.2.10.jar;C:\Users\USER\.m2\repository\org\eclipse\angus\jakarta.mail\2.0.4\jakarta.mail-2.0.4.jar;C:\Users\USER\.m2\repository\org\eclipse\angus\angus-activation\2.0.2\angus-activation-2.0.2.jar;C:\Users\USER\.m2\repository\org\springframework\boot\spring-boot-starter-thymeleaf\3.5.5\spring-boot-starter-thymeleaf-3.5.5.jar;C:\Users\USER\.m2\repository\org\thymeleaf\thymeleaf-spring6\3.1.3.RELEASE\thymeleaf-spring6-3.1.3.RELEASE.jar;C:\Users\USER\.m2\repository\org\thymeleaf\thymeleaf\3.1.3.RELEASE\thymeleaf-3.1.3.RELEASE.jar;C:\Users\USER\.m2\repository\org\attoparser\attoparser\2.0.7.RELEASE\attoparser-2.0.7.RELEASE.jar;C:\Users\USER\.m2\repository\org\unbescape\unbescape\1.1.6.RELEASE\unbescape-1.1.6.RELEASE.jar;C:\Users\USER\.m2\repository\com\google\apis\google-api-services-calendar\v3-rev20220715-2.0.0\google-api-services-calendar-v3-rev20220715-2.0.0.jar;C:\Users\USER\.m2\repository\com\google\api-client\google-api-client\2.0.0\google-api-client-2.0.0.jar;C:\Users\USER\.m2\repository\com\google\oauth-client\google-oauth-client\1.34.1\google-oauth-client-1.34.1.jar;C:\Users\USER\.m2\repository\com\google\http-client\google-http-client-gson\1.42.1\google-http-client-gson-1.42.1.jar;C:\Users\USER\.m2\repository\com\google\code\gson\gson\2.13.1\gson-2.13.1.jar;C:\Users\USER\.m2\repository\com\google\guava\guava\31.1-jre\guava-31.1-jre.jar;C:\Users\USER\.m2\repository\com\google\guava\failureaccess\1.0.1\failureaccess-1.0.1.jar;C:\Users\USER\.m2\repository\com\google\guava\listenablefuture\9999.0-empty-to-avoid-conflict-with-guava\listenablefuture-9999.0-empty-to-avoid-conflict-with-guava.jar;C:\Users\USER\.m2\repository\com\google\code\findbugs\jsr305\3.0.2\jsr305-3.0.2.jar;C:\Users\USER\.m2\repository\org\checkerframework\checker-qual\3.12.0\checker-qual-3.12.0.jar;C:\Users\USER\.m2\repository\com\google\errorprone\error_prone_annotations\2.11.0\error_prone_annotations-2.11.0.jar;C:\Users\USER\.m2\repository\com\google\j2objc\j2objc-annotations\1.3\j2objc-annotations-1.3.jar;C:\Users\USER\.m2\repository\com\google\http-client\google-http-client-apache-v2\1.42.1\google-http-client-apache-v2-1.42.1.jar;C:\Users\USER\.m2\repository\org\apache\httpcomponents\httpcore\4.4.16\httpcore-4.4.16.jar;C:\Users\USER\.m2\repository\org\apache\httpcomponents\httpclient\4.5.13\httpclient-4.5.13.jar;C:\Users\USER\.m2\repository\commons-codec\commons-codec\1.18.0\commons-codec-1.18.0.jar;C:\Users\USER\.m2\repository\com\google\http-client\google-http-client\1.42.1\google-http-client-1.42.1.jar;C:\Users\USER\.m2\repository\io\opencensus\opencensus-api\0.31.1\opencensus-api-0.31.1.jar;C:\Users\USER\.m2\repository\io\grpc\grpc-context\1.27.2\grpc-context-1.27.2.jar;C:\Users\USER\.m2\repository\io\opencensus\opencensus-contrib-http-util\0.31.1\opencensus-contrib-http-util-0.31.1.jar
Launcher Type: SUN_STANDARD

[Global flags]
     intx CICompilerCount                          = 12                                        {product} {ergonomic}
     uint ConcGCThreads                            = 3                                         {product} {ergonomic}
     uint G1ConcRefinementThreads                  = 13                                        {product} {ergonomic}
   size_t G1HeapRegionSize                         = 1048576                                   {product} {ergonomic}
   size_t InitialHeapSize                          = 123731968                                 {product} {ergonomic}
   size_t MarkStackSize                            = 4194304                                   {product} {ergonomic}
   size_t MarkStackSizeMax                         = 536870912                                 {product} {ergonomic}
   size_t MaxHeapSize                              = 1967128576                                {product} {ergonomic}
   size_t MaxNewSize                               = 1179648000                                {product} {ergonomic}
   size_t MinHeapDeltaBytes                        = 1048576                                   {product} {ergonomic}
   size_t MinHeapSize                              = 8388608                                   {product} {ergonomic}
    uintx NonNMethodCodeHeapSize                   = 7602176                                {pd product} {ergonomic}
    uintx NonProfiledCodeHeapSize                  = 122093568                              {pd product} {ergonomic}
    uintx ProfiledCodeHeapSize                     = 121962496                              {pd product} {ergonomic}
    uintx ReservedCodeCacheSize                    = 251658240                              {pd product} {ergonomic}
     bool SegmentedCodeCache                       = true                                      {product} {ergonomic}
   size_t SoftMaxHeapSize                          = 1967128576                             {manageable} {ergonomic}
     bool UseCompressedOops                        = true                           {product lp64_product} {ergonomic}
     bool UseG1GC                                  = true                                      {product} {ergonomic}
     bool UseLargePagesIndividualAllocation        = false                                  {pd product} {ergonomic}

Logging:
Log output configuration:
 #0: stdout all=warning uptime,level,tags foldmultilines=false
 #1: stderr all=off uptime,level,tags foldmultilines=false

Environment Variables:
JAVA_HOME=C:\Program Files\Java\jdk-17
PATH=C:\Program Files (x86)\Microsoft SDKs\Azure\CLI2\wbin;C:\Program Files\nodejs\;C:\Program Files\apache-maven-3.9.11\bin;C:\Program Files\Git\bin;C:\Users\USER\AppData\Local\Microsoft\WindowsApps;C:\Program Files\JetBrains\PyCharm 2022.3.2\bin;;C:\Program Files\JetBrains\IntelliJ IDEA Community Edition 2023.3.2\bin;;C:\Users\USER\AppData\Local\GitHubDesktop\bin;C:\Windsurf\bin;C:\cursor\resources\app\bin;C:\Users\USER\AppData\Roaming\npm;C:\Users\USER\AppData\Local\Programs\Microsoft VS Code\bin
USERNAME=USER
OS=Windows_NT
PROCESSOR_IDENTIFIER=AMD64 Family 23 Model 104 Stepping 1, AuthenticAMD
TMP=C:\Users\USER\AppData\Local\Temp
TEMP=C:\Users\USER\AppData\Local\Temp




Periodic native trim disabled

---------------  S Y S T E M  ---------------

OS:
 Windows 11 , 64 bit Build 26100 (10.0.26100.7309)
OS uptime: 1 days 14:37 hours

CPU: total 16 (initial active 16) (16 cores per cpu, 2 threads per core) family 23 model 104 stepping 1 microcode 0x8608109, cx8, cmov, fxsr, ht, mmx, 3dnowpref, sse, sse2, sse3, ssse3, sse4a, sse4.1, sse4.2, popcnt, lzcnt, tsc, tscinvbit, avx, avx2, aes, clmul, bmi1, bmi2, adx, sha, fma, vzeroupper, clflush, clflushopt, rdtscp, rdpid, f16c
Processor Information for the first 16 processors :
  Max Mhz: 1801, Current Mhz: 1801, Mhz Limit: 1801

Memory: 4k page, system-wide physical 7501M (1045M free)
TotalPageFile size 30029M (AvailPageFile size 3M)
current process WorkingSet (physical memory assigned to process): 104M, peak: 259M
current process commit charge ("private bytes"): 329M, peak: 344M

vm_info: OpenJDK 64-Bit Server VM (24.0.1+9-30) for windows-amd64 JRE (24.0.1+9-30), built on 2025-03-05T07:23:45Z with MS VC++ 17.6 (VS2022)

END.
