#
# There is insufficient memory for the Java Runtime Environment to continue.
# Native memory allocation (malloc) failed to allocate 1492624 bytes. Error detail: Chunk::new
# Possible reasons:
#   The system is out of physical RAM or swap space
#   This process is running with CompressedOops enabled, and the Java Heap may be blocking the growth of the native heap
# Possible solutions:
#   Reduce memory load on the system
#   Increase physical memory or swap space
#   Check if swap backing store is full
#   Decrease Java heap size (-Xmx/-Xms)
#   Decrease number of Java threads
#   Decrease Java thread stack sizes (-Xss)
#   Set larger code cache with -XX:ReservedCodeCacheSize=
#   JVM is running with Unscaled Compressed Oops mode in which the Java heap is
#     placed in the first 4GB address space. The Java Heap base address is the
#     maximum limit for the native heap growth. Please use -XX:HeapBaseMinAddress
#     to set the Java Heap base and to place the Java Heap above 4GB virtual address.
# This output file may be truncated or incomplete.
#
#  Out of Memory Error (arena.cpp:162), pid=728, tid=26964
#
# JRE version: OpenJDK Runtime Environment (24.0.1+9) (build 24.0.1+9-30)
# Java VM: OpenJDK 64-Bit Server VM (24.0.1+9-30, mixed mode, sharing, tiered, compressed oops, compressed class ptrs, g1 gc, windows-amd64)
# No core dump will be written. Minidumps are not enabled by default on client versions of Windows
#

---------------  S U M M A R Y ------------

Command Line: -javaagent:C:\Program Files\JetBrains\IntelliJ IDEA 2024.3\lib\idea_rt.jar=54299:C:\Program Files\JetBrains\IntelliJ IDEA 2024.3\bin -Dfile.encoding=UTF-8 -Dsun.stdout.encoding=UTF-8 -Dsun.stderr.encoding=UTF-8 com.LeaveDataManagementSystem.LeaveManagement.LeaveManagementApplication

Host: AMD Ryzen 7 5700U with Radeon Graphics         , 16 cores, 7G,  Windows 11 , 64 bit Build 26100 (10.0.26100.7309)
Time: Fri Jan  9 22:10:24 2026 Sri Lanka Standard Time elapsed time: 37.089177 seconds (0d 0h 0m 37s)

---------------  T H R E A D  ---------------

Current thread (0x000001c61b91f5f0):  JavaThread "C2 CompilerThread0" daemon [_thread_in_native, id=26964, stack(0x0000001df6200000,0x0000001df6300000) (1024K)]


Current CompileTask:
C2:37089 8028       4       java.lang.reflect.Proxy$ProxyBuilder::isProxyClass (21 bytes)

Stack: [0x0000001df6200000,0x0000001df6300000]
Native frames: (J=compiled Java code, j=interpreted, Vv=VM code, C=native code)
V  [jvm.dll+0x730739]  (no source info available)
V  [jvm.dll+0x8d9b23]  (no source info available)
V  [jvm.dll+0x8dc00d]  (no source info available)
V  [jvm.dll+0x8dc683]  (no source info available)
V  [jvm.dll+0x2aa086]  (no source info available)
V  [jvm.dll+0xcedef]  (no source info available)
V  [jvm.dll+0xcf04f]  (no source info available)
V  [jvm.dll+0x154d83]  (no source info available)
V  [jvm.dll+0x735f5f]  (no source info available)
V  [jvm.dll+0x26fa1c]  (no source info available)
V  [jvm.dll+0x26ea3f]  (no source info available)
V  [jvm.dll+0x1e9d60]  (no source info available)
V  [jvm.dll+0x27e1fb]  (no source info available)
V  [jvm.dll+0x27c49a]  (no source info available)
V  [jvm.dll+0x42f456]  (no source info available)
V  [jvm.dll+0x87d76b]  (no source info available)
V  [jvm.dll+0x72ee55]  (no source info available)
C  [ucrtbase.dll+0x37b0]  (no source info available)
C  [KERNEL32.DLL+0x2e8d7]  (no source info available)
C  [ntdll.dll+0x8c53c]  (no source info available)

Lock stack of current Java thread (top to bottom):


---------------  P R O C E S S  ---------------

Threads class SMR info:
_java_thread_list=0x000001c6621c64a0, length=47, elements={
0x000001c61b915f50, 0x000001c61b916690, 0x000001c61b918650, 0x000001c61b91a190,
0x000001c61b91acc0, 0x000001c61b91d800, 0x000001c61b91f5f0, 0x000001c61b92d2a0,
0x000001c61bbc3f70, 0x000001c6613192f0, 0x000001c6611f5370, 0x000001c661e11330,
0x000001c661c6c770, 0x000001c661c22680, 0x000001c661c29b50, 0x000001c661e1c700,
0x000001c663141e10, 0x000001c663143b50, 0x000001c6631416c0, 0x000001c663142560,
0x000001c6631442a0, 0x000001c663143400, 0x000001c663140f70, 0x000001c6631449f0,
0x000001c6631475d0, 0x000001c663146e80, 0x000001c663147d20, 0x000001c663146730,
0x000001c663145890, 0x000001c663148470, 0x000001c663145140, 0x000001c664cf7860,
0x000001c664cf6270, 0x000001c664cf95a0, 0x000001c664cf9cf0, 0x000001c664cf69c0,
0x000001c664cfa440, 0x000001c664cf7110, 0x000001c664cfba30, 0x000001c664cfb2e0,
0x000001c664cf8700, 0x000001c664cfab90, 0x000001c664cfc180, 0x000001c664cf8e50,
0x000001c664cfd020, 0x000001c661d067c0, 0x000001c665383070
}

Java Threads: ( => current thread )
  0x000001c61b915f50 JavaThread "Reference Handler"          daemon [_thread_blocked, id=17676, stack(0x0000001df5c00000,0x0000001df5d00000) (1024K)]
  0x000001c61b916690 JavaThread "Finalizer"                  daemon [_thread_blocked, id=25296, stack(0x0000001df5d00000,0x0000001df5e00000) (1024K)]
  0x000001c61b918650 JavaThread "Signal Dispatcher"          daemon [_thread_blocked, id=22096, stack(0x0000001df5e00000,0x0000001df5f00000) (1024K)]
  0x000001c61b91a190 JavaThread "Attach Listener"            daemon [_thread_blocked, id=38776, stack(0x0000001df5f00000,0x0000001df6000000) (1024K)]
  0x000001c61b91acc0 JavaThread "Service Thread"             daemon [_thread_blocked, id=9652, stack(0x0000001df6000000,0x0000001df6100000) (1024K)]
  0x000001c61b91d800 JavaThread "Monitor Deflation Thread"   daemon [_thread_blocked, id=8792, stack(0x0000001df6100000,0x0000001df6200000) (1024K)]
=>0x000001c61b91f5f0 JavaThread "C2 CompilerThread0"         daemon [_thread_in_native, id=26964, stack(0x0000001df6200000,0x0000001df6300000) (1024K)]
  0x000001c61b92d2a0 JavaThread "C1 CompilerThread0"         daemon [_thread_blocked, id=10768, stack(0x0000001df6300000,0x0000001df6400000) (1024K)]
  0x000001c61bbc3f70 JavaThread "Common-Cleaner"             daemon [_thread_blocked, id=14756, stack(0x0000001df6700000,0x0000001df6800000) (1024K)]
  0x000001c6613192f0 JavaThread "Monitor Ctrl-Break"         daemon [_thread_in_native, id=38820, stack(0x0000001df6900000,0x0000001df6a00000) (1024K)]
  0x000001c6611f5370 JavaThread "Notification Thread"        daemon [_thread_blocked, id=34408, stack(0x0000001df6800000,0x0000001df6900000) (1024K)]
  0x000001c661e11330 JavaThread "RMI TCP Accept-0"           daemon [_thread_in_native, id=17740, stack(0x0000001df6a00000,0x0000001df6b00000) (1024K)]
  0x000001c661c6c770 JavaThread "RMI TCP Connection(1)-192.168.52.250" daemon [_thread_in_native, id=19988, stack(0x0000001df6b00000,0x0000001df6c00000) (1024K)]
  0x000001c661c22680 JavaThread "RMI Scheduler(0)"           daemon [_thread_blocked, id=30608, stack(0x0000001df6c00000,0x0000001df6d00000) (1024K)]
  0x000001c661c29b50 JavaThread "JMX server connection timeout 40" daemon [_thread_blocked, id=23672, stack(0x0000001df6d00000,0x0000001df6e00000) (1024K)]
  0x000001c661e1c700 JavaThread "Jndi-Dns-address-change-listener" daemon [_thread_in_native, id=2384, stack(0x0000001df7f00000,0x0000001df8000000) (1024K)]
  0x000001c663141e10 JavaThread "BufferPoolPruner-1-thread-1" daemon [_thread_blocked, id=15300, stack(0x0000001df8000000,0x0000001df8100000) (1024K)]
  0x000001c663143b50 JavaThread "cluster-ClusterId{value='69612f687f3d6f09097a8933', description='null'}-srv-cluster1.7sr46fy.mongodb.net" daemon [_thread_blocked, id=39756, stack(0x0000001df8100000,0x0000001df8200000) (1024K)]
  0x000001c6631416c0 JavaThread "cluster-ClusterId{value='69612f687f3d6f09097a8933', description='null'}-ac-0nw84hg-shard-00-02.7sr46fy.mongodb.net:27017" daemon [_thread_in_native, id=25680, stack(0x0000001df8200000,0x0000001df8300000) (1024K)]
  0x000001c663142560 JavaThread "cluster-ClusterId{value='69612f687f3d6f09097a8933', description='null'}-ac-0nw84hg-shard-00-01.7sr46fy.mongodb.net:27017" daemon [_thread_in_native, id=1424, stack(0x0000001df8300000,0x0000001df8400000) (1024K)]
  0x000001c6631442a0 JavaThread "cluster-ClusterId{value='69612f687f3d6f09097a8933', description='null'}-ac-0nw84hg-shard-00-00.7sr46fy.mongodb.net:27017" daemon [_thread_in_native, id=17448, stack(0x0000001df8400000,0x0000001df8500000) (1024K)]
  0x000001c663143400 JavaThread "Catalina-utility-1"                [_thread_blocked, id=7728, stack(0x0000001df8600000,0x0000001df8700000) (1024K)]
  0x000001c663140f70 JavaThread "Catalina-utility-2"                [_thread_blocked, id=25328, stack(0x0000001df8700000,0x0000001df8800000) (1024K)]
  0x000001c6631449f0 JavaThread "container-0"                       [_thread_blocked, id=34768, stack(0x0000001df8800000,0x0000001df8900000) (1024K)]
  0x000001c6631475d0 JavaThread "Live Reload Server"         daemon [_thread_in_native, id=35656, stack(0x0000001df8a00000,0x0000001df8b00000) (1024K)]
  0x000001c663146e80 JavaThread "cluster-rtt-ClusterId{value='69612f687f3d6f09097a8933', description='null'}-ac-0nw84hg-shard-00-01.7sr46fy.mongodb.net:27017" daemon [_thread_blocked, id=36280, stack(0x0000001df8900000,0x0000001df8a00000) (1024K)]
  0x000001c663147d20 JavaThread "cluster-rtt-ClusterId{value='69612f687f3d6f09097a8933', description='null'}-ac-0nw84hg-shard-00-00.7sr46fy.mongodb.net:27017" daemon [_thread_blocked, id=17768, stack(0x0000001df8b00000,0x0000001df8c00000) (1024K)]
  0x000001c663146730 JavaThread "cluster-rtt-ClusterId{value='69612f687f3d6f09097a8933', description='null'}-ac-0nw84hg-shard-00-02.7sr46fy.mongodb.net:27017" daemon [_thread_blocked, id=7852, stack(0x0000001df8c00000,0x0000001df8d00000) (1024K)]
  0x000001c663145890 JavaThread "MaintenanceTimer-3-thread-1" daemon [_thread_blocked, id=12396, stack(0x0000001df8d00000,0x0000001df8e00000) (1024K)]
  0x000001c663148470 JavaThread "MaintenanceTimer-4-thread-1" daemon [_thread_blocked, id=25392, stack(0x0000001df8e00000,0x0000001df8f00000) (1024K)]
  0x000001c663145140 JavaThread "MaintenanceTimer-2-thread-1" daemon [_thread_blocked, id=7732, stack(0x0000001df8f00000,0x0000001df9000000) (1024K)]
  0x000001c664cf7860 JavaThread "File Watcher"               daemon [_thread_blocked, id=30652, stack(0x0000001df9000000,0x0000001df9100000) (1024K)]
  0x000001c664cf6270 JavaThread "http-nio-8080-exec-1"       daemon [_thread_blocked, id=35556, stack(0x0000001df9100000,0x0000001df9200000) (1024K)]
  0x000001c664cf95a0 JavaThread "http-nio-8080-exec-2"       daemon [_thread_in_native, id=39608, stack(0x0000001df9200000,0x0000001df9300000) (1024K)]
  0x000001c664cf9cf0 JavaThread "http-nio-8080-exec-3"       daemon [_thread_in_native, id=37956, stack(0x0000001df9300000,0x0000001df9400000) (1024K)]
  0x000001c664cf69c0 JavaThread "http-nio-8080-exec-4"       daemon [_thread_blocked, id=26668, stack(0x0000001df9400000,0x0000001df9500000) (1024K)]
  0x000001c664cfa440 JavaThread "http-nio-8080-exec-5"       daemon [_thread_blocked, id=27112, stack(0x0000001df9500000,0x0000001df9600000) (1024K)]
  0x000001c664cf7110 JavaThread "http-nio-8080-exec-6"       daemon [_thread_blocked, id=14996, stack(0x0000001df9600000,0x0000001df9700000) (1024K)]
  0x000001c664cfba30 JavaThread "http-nio-8080-exec-7"       daemon [_thread_blocked, id=35744, stack(0x0000001df9700000,0x0000001df9800000) (1024K)]
  0x000001c664cfb2e0 JavaThread "http-nio-8080-exec-8"       daemon [_thread_blocked, id=37592, stack(0x0000001df9800000,0x0000001df9900000) (1024K)]
  0x000001c664cf8700 JavaThread "http-nio-8080-exec-9"       daemon [_thread_blocked, id=26828, stack(0x0000001df9900000,0x0000001df9a00000) (1024K)]
  0x000001c664cfab90 JavaThread "http-nio-8080-exec-10"      daemon [_thread_blocked, id=34588, stack(0x0000001df9a00000,0x0000001df9b00000) (1024K)]
  0x000001c664cfc180 JavaThread "http-nio-8080-Poller"       daemon [_thread_in_native, id=35896, stack(0x0000001df9b00000,0x0000001df9c00000) (1024K)]
  0x000001c664cf8e50 JavaThread "http-nio-8080-Acceptor"     daemon [_thread_in_native, id=39216, stack(0x0000001df9c00000,0x0000001df9d00000) (1024K)]
  0x000001c664cfd020 JavaThread "DestroyJavaVM"                     [_thread_blocked, id=25276, stack(0x0000001df5400000,0x0000001df5500000) (1024K)]
  0x000001c661d067c0 JavaThread "C1 CompilerThread1"         daemon [_thread_blocked, id=28016, stack(0x0000001df6e00000,0x0000001df6f00000) (1024K)]
  0x000001c665383070 JavaThread "C2 CompilerThread1"         daemon [_thread_in_native, id=39584, stack(0x0000001df6f00000,0x0000001df7000000) (1024K)]
Total: 47

Other Threads:
  0x000001c61b8feaa0 VMThread "VM Thread"                           [id=36140, stack(0x0000001df5b00000,0x0000001df5c00000) (1024K)]
  0x000001c61b8f2550 WatcherThread "VM Periodic Task Thread"        [id=28348, stack(0x0000001df5a00000,0x0000001df5b00000) (1024K)]
  0x000001c67e1e1910 WorkerThread "GC Thread#0"                     [id=9192, stack(0x0000001df5500000,0x0000001df5600000) (1024K)]
  0x000001c66117fdb0 WorkerThread "GC Thread#1"                     [id=38496, stack(0x0000001df6600000,0x0000001df6700000) (1024K)]
  0x000001c66117f2a0 WorkerThread "GC Thread#2"                     [id=35932, stack(0x0000001df7000000,0x0000001df7100000) (1024K)]
  0x000001c661180c70 WorkerThread "GC Thread#3"                     [id=4476, stack(0x0000001df7100000,0x0000001df7200000) (1024K)]
  0x000001c661180160 WorkerThread "GC Thread#4"                     [id=26860, stack(0x0000001df7200000,0x0000001df7300000) (1024K)]
  0x000001c66117fa00 WorkerThread "GC Thread#5"                     [id=28640, stack(0x0000001df7300000,0x0000001df7400000) (1024K)]
  0x000001c66117f650 WorkerThread "GC Thread#6"                     [id=18276, stack(0x0000001df7400000,0x0000001df7500000) (1024K)]
  0x000001c661180510 WorkerThread "GC Thread#7"                     [id=2388, stack(0x0000001df7500000,0x0000001df7600000) (1024K)]
  0x000001c66160dec0 WorkerThread "GC Thread#8"                     [id=24220, stack(0x0000001df7900000,0x0000001df7a00000) (1024K)]
  0x000001c66160e9d0 WorkerThread "GC Thread#9"                     [id=15924, stack(0x0000001df7a00000,0x0000001df7b00000) (1024K)]
  0x000001c661611260 WorkerThread "GC Thread#10"                    [id=10132, stack(0x0000001df7b00000,0x0000001df7c00000) (1024K)]
  0x000001c66160f4e0 WorkerThread "GC Thread#11"                    [id=19364, stack(0x0000001df7c00000,0x0000001df7d00000) (1024K)]
  0x000001c66160e270 WorkerThread "GC Thread#12"                    [id=32408, stack(0x0000001df7600000,0x0000001df7700000) (1024K)]
  0x000001c67e1f5cc0 ConcurrentGCThread "G1 Main Marker"            [id=8856, stack(0x0000001df5600000,0x0000001df5700000) (1024K)]
  0x000001c67e1f6f70 WorkerThread "G1 Conc#0"                       [id=15200, stack(0x0000001df5700000,0x0000001df5800000) (1024K)]
  0x000001c66160db10 WorkerThread "G1 Conc#1"                       [id=20928, stack(0x0000001df7d00000,0x0000001df7e00000) (1024K)]
  0x000001c66160e620 WorkerThread "G1 Conc#2"                       [id=19144, stack(0x0000001df7e00000,0x0000001df7f00000) (1024K)]
  0x000001c61b7ba250 ConcurrentGCThread "G1 Refine#0"               [id=40148, stack(0x0000001df5800000,0x0000001df5900000) (1024K)]
  0x000001c61b7bba90 ConcurrentGCThread "G1 Service"                [id=24632, stack(0x0000001df5900000,0x0000001df5a00000) (1024K)]
Total: 21

Threads with active compile tasks:
C2 CompilerThread0  37378 8028       4       java.lang.reflect.Proxy$ProxyBuilder::isProxyClass (21 bytes)
C2 CompilerThread1  37378 8069       4       org.bson.io.ByteBufferBsonInput::readString (245 bytes)
Total: 2

VM state: not at safepoint (normal execution)

VM Mutex/Monitor currently owned by a thread: None

Heap address: 0x000000008ac00000, size: 1876 MB, Compressed Oops mode: 32-bit

CDS archive(s) mapped at: [0x000001c61c000000-0x000001c61cd40000-0x000001c61cd40000), size 13893632, SharedBaseAddress: 0x000001c61c000000, ArchiveRelocationMode: 1.
Compressed class space mapped at: 0x000001c61d000000-0x000001c65d000000, reserved size: 1073741824
UseCompressedClassPointers 1, UseCompactObjectHeaders 0
Narrow klass pointer bits 32, Max shift 3
Narrow klass base: 0x000001c61c000000, Narrow klass shift: 0
Encoding Range: [0x000001c61c000000 - 0x000001c71c000000), (4294967296 bytes)
Klass Range:    [0x000001c61c000000 - 0x000001c65d000000), (1090519040 bytes)
Klass ID Range:  [8 - 1090519033) (1090519025)

GC Precious Log:
 CardTable entry size: 512
 Card Set container configuration: InlinePtr #cards 5 size 8 Array Of Cards #cards 10 size 36 Howl #buckets 4 coarsen threshold 1843 Howl Bitmap #cards 512 size 80 coarsen threshold 460 Card regions per heap region 1 cards per card region 2048
 CPUs: 16 total, 16 available
 Memory: 7501M
 Large Page Support: Disabled
 NUMA Support: Disabled
 Compressed Oops: Enabled (32-bit)
 Heap Region Size: 1M
 Heap Min Capacity: 8M
 Heap Initial Capacity: 118M
 Heap Max Capacity: 1876M
 Pre-touch: Disabled
 Parallel Workers: 13
 Concurrent Workers: 3
 Concurrent Refinement Workers: 13
 Periodic GC: Disabled

Heap:
 garbage-first heap   total reserved 1921024K, committed 56320K, used 42366K [0x000000008ac00000, 0x0000000100000000)
  region size 1024K, 15 young (15360K), 3 survivors (3072K)
 Metaspace       used 58976K, committed 59584K, reserved 1114112K
  class space    used 6527K, committed 6784K, reserved 1048576K

Heap Regions: E=young(eden), S=young(survivor), O=old, HS=humongous(starts), HC=humongous(continues), CS=collection set, F=free, TAMS=top-at-mark-start, PB=parsable bottom
|   0|0x000000008ac00000, 0x000000008ad00000, 0x000000008ad00000|100%| O|  |TAMS 0x000000008ac00000| PB 0x000000008ac00000| Untracked |  0
|   1|0x000000008ad00000, 0x000000008ae00000, 0x000000008ae00000|100%| O|  |TAMS 0x000000008ad00000| PB 0x000000008ad00000| Untracked |  0
|   2|0x000000008ae00000, 0x000000008af00000, 0x000000008af00000|100%| O|  |TAMS 0x000000008ae00000| PB 0x000000008ae00000| Untracked |  0
|   3|0x000000008af00000, 0x000000008b000000, 0x000000008b000000|100%| O|  |TAMS 0x000000008af00000| PB 0x000000008af00000| Untracked |  0
|   4|0x000000008b000000, 0x000000008b100000, 0x000000008b100000|100%| O|  |TAMS 0x000000008b000000| PB 0x000000008b000000| Untracked |  0
|   5|0x000000008b100000, 0x000000008b200000, 0x000000008b200000|100%| O|  |TAMS 0x000000008b100000| PB 0x000000008b100000| Untracked |  0
|   6|0x000000008b200000, 0x000000008b300000, 0x000000008b300000|100%| O|  |TAMS 0x000000008b200000| PB 0x000000008b200000| Untracked |  0
|   7|0x000000008b300000, 0x000000008b400000, 0x000000008b400000|100%| O|  |TAMS 0x000000008b300000| PB 0x000000008b300000| Untracked |  0
|   8|0x000000008b400000, 0x000000008b500000, 0x000000008b500000|100%| O|  |TAMS 0x000000008b400000| PB 0x000000008b400000| Untracked |  0
|   9|0x000000008b500000, 0x000000008b600000, 0x000000008b600000|100%| O|  |TAMS 0x000000008b500000| PB 0x000000008b500000| Untracked |  0
|  10|0x000000008b600000, 0x000000008b700000, 0x000000008b700000|100%| O|  |TAMS 0x000000008b600000| PB 0x000000008b600000| Untracked |  0
|  11|0x000000008b700000, 0x000000008b800000, 0x000000008b800000|100%| O|  |TAMS 0x000000008b700000| PB 0x000000008b700000| Untracked |  0
|  12|0x000000008b800000, 0x000000008b900000, 0x000000008b900000|100%| O|  |TAMS 0x000000008b800000| PB 0x000000008b800000| Untracked |  0
|  13|0x000000008b900000, 0x000000008ba00000, 0x000000008ba00000|100%| O|Cm|TAMS 0x000000008b900000| PB 0x000000008b900000| Complete |  0
|  14|0x000000008ba00000, 0x000000008bb00000, 0x000000008bb00000|100%| O|  |TAMS 0x000000008ba00000| PB 0x000000008ba00000| Untracked |  0
|  15|0x000000008bb00000, 0x000000008bc00000, 0x000000008bc00000|100%| O|  |TAMS 0x000000008bb00000| PB 0x000000008bb00000| Untracked |  0
|  16|0x000000008bc00000, 0x000000008bd00000, 0x000000008bd00000|100%| O|  |TAMS 0x000000008bc00000| PB 0x000000008bc00000| Untracked |  0
|  17|0x000000008bd00000, 0x000000008bd00000, 0x000000008be00000|  0%| F|  |TAMS 0x000000008bd00000| PB 0x000000008bd00000| Untracked |  0
|  18|0x000000008be00000, 0x000000008bf00000, 0x000000008bf00000|100%| O|  |TAMS 0x000000008be00000| PB 0x000000008be00000| Untracked |  0
|  19|0x000000008bf00000, 0x000000008c000000, 0x000000008c000000|100%| O|  |TAMS 0x000000008bf00000| PB 0x000000008bf00000| Untracked |  0
|  20|0x000000008c000000, 0x000000008c100000, 0x000000008c100000|100%| O|  |TAMS 0x000000008c000000| PB 0x000000008c000000| Untracked |  0
|  21|0x000000008c100000, 0x000000008c200000, 0x000000008c200000|100%| O|  |TAMS 0x000000008c100000| PB 0x000000008c100000| Untracked |  0
|  22|0x000000008c200000, 0x000000008c300000, 0x000000008c300000|100%| O|  |TAMS 0x000000008c200000| PB 0x000000008c200000| Untracked |  0
|  23|0x000000008c300000, 0x000000008c400000, 0x000000008c400000|100%| O|  |TAMS 0x000000008c300000| PB 0x000000008c300000| Untracked |  0
|  24|0x000000008c400000, 0x000000008c500000, 0x000000008c500000|100%| O|  |TAMS 0x000000008c400000| PB 0x000000008c400000| Untracked |  0
|  25|0x000000008c500000, 0x000000008c600000, 0x000000008c600000|100%| O|  |TAMS 0x000000008c500000| PB 0x000000008c500000| Untracked |  0
|  26|0x000000008c600000, 0x000000008c700000, 0x000000008c700000|100%| O|Cm|TAMS 0x000000008c600000| PB 0x000000008c600000| Complete |  0
|  27|0x000000008c700000, 0x000000008c800000, 0x000000008c800000|100%| O|  |TAMS 0x000000008c700000| PB 0x000000008c700000| Untracked |  0
|  28|0x000000008c800000, 0x000000008c900000, 0x000000008c900000|100%| O|  |TAMS 0x000000008c800000| PB 0x000000008c800000| Untracked |  0
|  29|0x000000008c900000, 0x000000008c93c600, 0x000000008ca00000| 23%| O|  |TAMS 0x000000008c900000| PB 0x000000008c900000| Untracked |  0
|  30|0x000000008ca00000, 0x000000008ca00000, 0x000000008cb00000|  0%| F|  |TAMS 0x000000008ca00000| PB 0x000000008ca00000| Untracked |  0
|  31|0x000000008cb00000, 0x000000008cb00000, 0x000000008cc00000|  0%| F|  |TAMS 0x000000008cb00000| PB 0x000000008cb00000| Untracked |  0
|  32|0x000000008cc00000, 0x000000008cc00000, 0x000000008cd00000|  0%| F|  |TAMS 0x000000008cc00000| PB 0x000000008cc00000| Untracked |  0
|  33|0x000000008cd00000, 0x000000008cd23258, 0x000000008ce00000| 13%| S|CS|TAMS 0x000000008cd00000| PB 0x000000008cd00000| Complete |  0
|  34|0x000000008ce00000, 0x000000008ce00000, 0x000000008cf00000|  0%| F|  |TAMS 0x000000008ce00000| PB 0x000000008ce00000| Untracked |  0
|  35|0x000000008cf00000, 0x000000008d000000, 0x000000008d000000|100%| S|CS|TAMS 0x000000008cf00000| PB 0x000000008cf00000| Complete |  0
|  36|0x000000008d000000, 0x000000008d100000, 0x000000008d100000|100%| S|CS|TAMS 0x000000008d000000| PB 0x000000008d000000| Complete |  0
|  37|0x000000008d100000, 0x000000008d100000, 0x000000008d200000|  0%| F|  |TAMS 0x000000008d100000| PB 0x000000008d100000| Untracked |  0
|  38|0x000000008d200000, 0x000000008d200000, 0x000000008d300000|  0%| F|  |TAMS 0x000000008d200000| PB 0x000000008d200000| Untracked |  0
|  39|0x000000008d300000, 0x000000008d300000, 0x000000008d400000|  0%| F|  |TAMS 0x000000008d300000| PB 0x000000008d300000| Untracked |  0
|  40|0x000000008d400000, 0x000000008d400000, 0x000000008d500000|  0%| F|  |TAMS 0x000000008d400000| PB 0x000000008d400000| Untracked |  0
|  41|0x000000008d500000, 0x000000008d500000, 0x000000008d600000|  0%| F|  |TAMS 0x000000008d500000| PB 0x000000008d500000| Untracked |  0
|  42|0x000000008d600000, 0x000000008d6d2e78, 0x000000008d700000| 82%| E|  |TAMS 0x000000008d600000| PB 0x000000008d600000| Complete |  0
|  43|0x000000008d700000, 0x000000008d800000, 0x000000008d800000|100%| E|CS|TAMS 0x000000008d700000| PB 0x000000008d700000| Complete |  0
|  44|0x000000008d800000, 0x000000008d900000, 0x000000008d900000|100%| E|CS|TAMS 0x000000008d800000| PB 0x000000008d800000| Complete |  0
|  45|0x000000008d900000, 0x000000008da00000, 0x000000008da00000|100%| E|CS|TAMS 0x000000008d900000| PB 0x000000008d900000| Complete |  0
|  46|0x000000008da00000, 0x000000008db00000, 0x000000008db00000|100%| E|CS|TAMS 0x000000008da00000| PB 0x000000008da00000| Complete |  1
|  47|0x000000008db00000, 0x000000008dc00000, 0x000000008dc00000|100%| E|  |TAMS 0x000000008db00000| PB 0x000000008db00000| Complete |  0
|  77|0x000000008f900000, 0x000000008fa00000, 0x000000008fa00000|100%| E|CS|TAMS 0x000000008f900000| PB 0x000000008f900000| Complete |  0
|  78|0x000000008fa00000, 0x000000008fb00000, 0x000000008fb00000|100%| E|CS|TAMS 0x000000008fa00000| PB 0x000000008fa00000| Complete |  0
|  79|0x000000008fb00000, 0x000000008fc00000, 0x000000008fc00000|100%| E|CS|TAMS 0x000000008fb00000| PB 0x000000008fb00000| Complete |  0
|  80|0x000000008fc00000, 0x000000008fd00000, 0x000000008fd00000|100%| E|CS|TAMS 0x000000008fc00000| PB 0x000000008fc00000| Complete |  0
| 117|0x0000000092100000, 0x0000000092200000, 0x0000000092200000|100%| E|CS|TAMS 0x0000000092100000| PB 0x0000000092100000| Complete |  0
|1874|0x00000000ffe00000, 0x00000000fff00000, 0x00000000fff00000|100%| O|  |TAMS 0x00000000ffe00000| PB 0x00000000ffe00000| Untracked |  0
|1875|0x00000000fff00000, 0x0000000100000000, 0x0000000100000000|100%| E|CS|TAMS 0x00000000fff00000| PB 0x00000000fff00000| Complete |  0

Card table byte_map: [0x000001c67ef80000,0x000001c67f330000] _byte_map_base: 0x000001c67eb2a000

Marking Bits: (CMBitMap*) 0x000001c67e1e2020
 Bits: [0x000001c6177e0000, 0x000001c619530000)

Polling page: 0x000001c67bf50000

Metaspace:

Usage:
  Non-class:     51.22 MB used.
      Class:      6.37 MB used.
       Both:     57.59 MB used.

Virtual space:
  Non-class space:       64.00 MB reserved,      51.56 MB ( 81%) committed,  1 nodes.
      Class space:        1.00 GB reserved,       6.62 MB ( <1%) committed,  1 nodes.
             Both:        1.06 GB reserved,      58.19 MB (  5%) committed. 

Chunk freelists:
   Non-Class:  12.32 MB
       Class:  9.34 MB
        Both:  21.66 MB

MaxMetaspaceSize: unlimited
CompressedClassSpaceSize: 1.00 GB
Initial GC threshold: 21.00 MB
Current GC threshold: 94.06 MB
CDS: on
 - commit_granule_bytes: 65536.
 - commit_granule_words: 8192.
 - virtual_space_node_default_size: 8388608.
 - enlarge_chunks_in_place: 1.
UseCompressedClassPointers 1, UseCompactObjectHeaders 0
Narrow klass pointer bits 32, Max shift 3
Narrow klass base: 0x000001c61c000000, Narrow klass shift: 0
Encoding Range: [0x000001c61c000000 - 0x000001c71c000000), (4294967296 bytes)
Klass Range:    [0x000001c61c000000 - 0x000001c65d000000), (1090519040 bytes)
Klass ID Range:  [8 - 1090519033) (1090519025)


Internal statistics:

num_allocs_failed_limit: 6.
num_arena_births: 776.
num_arena_deaths: 24.
num_vsnodes_births: 2.
num_vsnodes_deaths: 0.
num_space_committed: 931.
num_space_uncommitted: 0.
num_chunks_returned_to_freelist: 42.
num_chunks_taken_from_freelist: 2756.
num_chunk_merges: 14.
num_chunk_splits: 1859.
num_chunks_enlarged: 1413.
num_inconsistent_stats: 0.

CodeHeap 'non-profiled nmethods': size=119232Kb used=2883Kb max_used=3169Kb free=116348Kb
 bounds [0x000001c610370000, 0x000001c610690000, 0x000001c6177e0000]
CodeHeap 'profiled nmethods': size=119104Kb used=12223Kb max_used=12446Kb free=106880Kb
 bounds [0x000001c6087e0000, 0x000001c609410000, 0x000001c60fc30000]
CodeHeap 'non-nmethods': size=7424Kb used=2126Kb max_used=3317Kb free=5297Kb
 bounds [0x000001c60fc30000, 0x000001c60ff90000, 0x000001c610370000]
CodeCache: size=245760Kb, used=17232Kb, max_used=18932Kb, free=228525Kb
 total_blobs=7897, nmethods=7177, adapters=622, full_count=0
Compilation: enabled, stopped_count=0, restarted_count=0

Compilation events (20 events):
Event: 36.031 Thread 0x000001c61b91f5f0 8025       4       java.util.ArrayList::contains (14 bytes)
Event: 36.037 Thread 0x000001c61b91f5f0 nmethod 8025 0x000001c610580a88 code [0x000001c610580ba0, 0x000001c610580de0]
Event: 36.038 Thread 0x000001c61b91f5f0 8034       4       jdk.internal.loader.BuiltinClassLoader::loadClass (22 bytes)
Event: 36.040 Thread 0x000001c61b91f5f0 nmethod 8034 0x000001c6103e2d88 code [0x000001c6103e2ec0, 0x000001c6103e3030]
Event: 36.040 Thread 0x000001c61b91f5f0 8035   !   4       java.util.zip.ZipCoder$UTF8ZipCoder::compare (73 bytes)
Event: 36.050 Thread 0x000001c61b91f5f0 nmethod 8035 0x000001c610582788 code [0x000001c6105828c0, 0x000001c610582f60]
Event: 36.050 Thread 0x000001c61b91f5f0 8036       4       java.lang.String::getBytesNoRepl1 (89 bytes)
Event: 36.051 Thread 0x000001c61b91f5f0 nmethod 8036 0x000001c6103c8508 code [0x000001c6103c8620, 0x000001c6103c8820]
Event: 36.051 Thread 0x000001c61b91f5f0 8037       4       java.util.Arrays::mismatch (69 bytes)
Event: 36.057 Thread 0x000001c61b91f5f0 nmethod 8037 0x000001c6103c7f08 code [0x000001c6103c8040, 0x000001c6103c84b0]
Event: 36.057 Thread 0x000001c61b91f5f0 8013       4       sun.security.util.math.intpoly.IntegerPolynomial$MutableElement::conditionalSwapWith (65 bytes)
Event: 36.065 Thread 0x000001c61b91f5f0 nmethod 8013 0x000001c6103d5088 code [0x000001c6103d51a0, 0x000001c6103d5450]
Event: 36.065 Thread 0x000001c61b91f5f0 8028       4       java.lang.reflect.Proxy$ProxyBuilder::isProxyClass (21 bytes)
Event: 36.077 Thread 0x000001c61b92d2a0 8044       3       java.nio.ByteBuffer::put (9 bytes)
Event: 36.077 Thread 0x000001c61b92d2a0 nmethod 8044 0x000001c608a10308 code [0x000001c608a10420, 0x000001c608a105f8]
Event: 36.217 Thread 0x000001c661d067c0 8047       3       org.bson.ByteBufNIO::getLong (8 bytes)
Event: 36.217 Thread 0x000001c61b92d2a0 8049       3       org.bson.io.ByteBufferBsonInput::readInt64 (20 bytes)
Event: 36.217 Thread 0x000001c661d067c0 nmethod 8047 0x000001c608ac1208 code [0x000001c608ac1320, 0x000001c608ac14f0]
Event: 36.218 Thread 0x000001c61b92d2a0 nmethod 8049 0x000001c608b35e88 code [0x000001c608b35fe0, 0x000001c608b36480]
Event: 36.368 Thread 0x000001c61b92d2a0 8050       3       java.util.HashMap$KeySet::size (8 bytes)

GC Heap History (20 events):
Event: 19.533 GC heap before
{Heap before GC invocations=5 (full 0):
 garbage-first heap   total reserved 1921024K, committed 54272K, used 40126K [0x000000008ac00000, 0x0000000100000000)
  region size 1024K, 25 young (25600K), 2 survivors (2048K)
 Metaspace       used 33237K, committed 33664K, reserved 1114112K
  class space    used 3456K, committed 3648K, reserved 1048576K
}
Event: 19.538 GC heap after
{Heap after GC invocations=6 (full 0):
 garbage-first heap   total reserved 1921024K, committed 54272K, used 18658K [0x000000008ac00000, 0x0000000100000000)
  region size 1024K, 4 young (4096K), 4 survivors (4096K)
 Metaspace       used 33237K, committed 33664K, reserved 1114112K
  class space    used 3456K, committed 3648K, reserved 1048576K
}
Event: 20.098 GC heap before
{Heap before GC invocations=6 (full 0):
 garbage-first heap   total reserved 1921024K, committed 54272K, used 30946K [0x000000008ac00000, 0x0000000100000000)
  region size 1024K, 17 young (17408K), 4 survivors (4096K)
 Metaspace       used 35579K, committed 35968K, reserved 1114112K
  class space    used 3717K, committed 3904K, reserved 1048576K
}
Event: 20.105 GC heap after
{Heap after GC invocations=7 (full 0):
 garbage-first heap   total reserved 1921024K, committed 54272K, used 19531K [0x000000008ac00000, 0x0000000100000000)
  region size 1024K, 2 young (2048K), 2 survivors (2048K)
 Metaspace       used 35579K, committed 35968K, reserved 1114112K
  class space    used 3717K, committed 3904K, reserved 1048576K
}
Event: 20.900 GC heap before
{Heap before GC invocations=8 (full 0):
 garbage-first heap   total reserved 1921024K, committed 54272K, used 41035K [0x000000008ac00000, 0x0000000100000000)
  region size 1024K, 24 young (24576K), 2 survivors (2048K)
 Metaspace       used 41872K, committed 42368K, reserved 1114112K
  class space    used 4399K, committed 4608K, reserved 1048576K
}
Event: 20.905 GC heap after
{Heap after GC invocations=9 (full 0):
 garbage-first heap   total reserved 1921024K, committed 54272K, used 21829K [0x000000008ac00000, 0x0000000100000000)
  region size 1024K, 3 young (3072K), 3 survivors (3072K)
 Metaspace       used 41872K, committed 42368K, reserved 1114112K
  class space    used 4399K, committed 4608K, reserved 1048576K
}
Event: 21.502 GC heap before
{Heap before GC invocations=9 (full 0):
 garbage-first heap   total reserved 1921024K, committed 54272K, used 43333K [0x000000008ac00000, 0x0000000100000000)
  region size 1024K, 25 young (25600K), 3 survivors (3072K)
 Metaspace       used 45420K, committed 45888K, reserved 1114112K
  class space    used 4847K, committed 5056K, reserved 1048576K
}
Event: 21.509 GC heap after
{Heap after GC invocations=10 (full 0):
 garbage-first heap   total reserved 1921024K, committed 54272K, used 23712K [0x000000008ac00000, 0x0000000100000000)
  region size 1024K, 4 young (4096K), 4 survivors (4096K)
 Metaspace       used 45420K, committed 45888K, reserved 1114112K
  class space    used 4847K, committed 5056K, reserved 1048576K
}
Event: 21.890 GC heap before
{Heap before GC invocations=10 (full 0):
 garbage-first heap   total reserved 1921024K, committed 54272K, used 44192K [0x000000008ac00000, 0x0000000100000000)
  region size 1024K, 25 young (25600K), 4 survivors (4096K)
 Metaspace       used 47292K, committed 47808K, reserved 1114112K
  class space    used 5056K, committed 5248K, reserved 1048576K
}
Event: 21.896 GC heap after
{Heap after GC invocations=11 (full 0):
 garbage-first heap   total reserved 1921024K, committed 54272K, used 25577K [0x000000008ac00000, 0x0000000100000000)
  region size 1024K, 4 young (4096K), 4 survivors (4096K)
 Metaspace       used 47292K, committed 47808K, reserved 1114112K
  class space    used 5056K, committed 5248K, reserved 1048576K
}
Event: 22.262 GC heap before
{Heap before GC invocations=11 (full 0):
 garbage-first heap   total reserved 1921024K, committed 54272K, used 44009K [0x000000008ac00000, 0x0000000100000000)
  region size 1024K, 23 young (23552K), 4 survivors (4096K)
 Metaspace       used 48707K, committed 49216K, reserved 1114112K
  class space    used 5243K, committed 5440K, reserved 1048576K
}
Event: 22.268 GC heap after
{Heap after GC invocations=12 (full 0):
 garbage-first heap   total reserved 1921024K, committed 54272K, used 26894K [0x000000008ac00000, 0x0000000100000000)
  region size 1024K, 3 young (3072K), 3 survivors (3072K)
 Metaspace       used 48707K, committed 49216K, reserved 1114112K
  class space    used 5243K, committed 5440K, reserved 1048576K
}
Event: 22.878 GC heap before
{Heap before GC invocations=12 (full 0):
 garbage-first heap   total reserved 1921024K, committed 54272K, used 46350K [0x000000008ac00000, 0x0000000100000000)
  region size 1024K, 22 young (22528K), 3 survivors (3072K)
 Metaspace       used 50753K, committed 51328K, reserved 1114112K
  class space    used 5495K, committed 5760K, reserved 1048576K
}
Event: 22.883 GC heap after
{Heap after GC invocations=13 (full 0):
 garbage-first heap   total reserved 1921024K, committed 54272K, used 28589K [0x000000008ac00000, 0x0000000100000000)
  region size 1024K, 3 young (3072K), 3 survivors (3072K)
 Metaspace       used 50753K, committed 51328K, reserved 1114112K
  class space    used 5495K, committed 5760K, reserved 1048576K
}
Event: 23.418 GC heap before
{Heap before GC invocations=14 (full 0):
 garbage-first heap   total reserved 1921024K, committed 54272K, used 47021K [0x000000008ac00000, 0x0000000100000000)
  region size 1024K, 21 young (21504K), 3 survivors (3072K)
 Metaspace       used 52018K, committed 52608K, reserved 1114112K
  class space    used 5665K, committed 5952K, reserved 1048576K
}
Event: 23.423 GC heap after
{Heap after GC invocations=15 (full 0):
 garbage-first heap   total reserved 1921024K, committed 54272K, used 30651K [0x000000008ac00000, 0x0000000100000000)
  region size 1024K, 2 young (2048K), 2 survivors (2048K)
 Metaspace       used 52018K, committed 52608K, reserved 1114112K
  class space    used 5665K, committed 5952K, reserved 1048576K
}
Event: 23.972 GC heap before
{Heap before GC invocations=15 (full 0):
 garbage-first heap   total reserved 1921024K, committed 54272K, used 48059K [0x000000008ac00000, 0x0000000100000000)
  region size 1024K, 19 young (19456K), 2 survivors (2048K)
 Metaspace       used 53799K, committed 54336K, reserved 1114112K
  class space    used 5890K, committed 6144K, reserved 1048576K
}
Event: 23.977 GC heap after
{Heap after GC invocations=16 (full 0):
 garbage-first heap   total reserved 1921024K, committed 54272K, used 31346K [0x000000008ac00000, 0x0000000100000000)
  region size 1024K, 2 young (2048K), 2 survivors (2048K)
 Metaspace       used 53799K, committed 54336K, reserved 1114112K
  class space    used 5890K, committed 6144K, reserved 1048576K
}
Event: 34.979 GC heap before
{Heap before GC invocations=16 (full 0):
 garbage-first heap   total reserved 1921024K, committed 54272K, used 45682K [0x000000008ac00000, 0x0000000100000000)
  region size 1024K, 17 young (17408K), 2 survivors (2048K)
 Metaspace       used 56942K, committed 57536K, reserved 1114112K
  class space    used 6289K, committed 6528K, reserved 1048576K
}
Event: 34.985 GC heap after
{Heap after GC invocations=17 (full 0):
 garbage-first heap   total reserved 1921024K, committed 54272K, used 32126K [0x000000008ac00000, 0x0000000100000000)
  region size 1024K, 3 young (3072K), 3 survivors (3072K)
 Metaspace       used 56942K, committed 57536K, reserved 1114112K
  class space    used 6289K, committed 6528K, reserved 1048576K
}

Dll operation events (14 events):
Event: 0.090 Loaded shared library C:\Users\USER\.jdks\openjdk-24.0.1\bin\java.dll
Event: 0.159 Loaded shared library C:\Users\USER\.jdks\openjdk-24.0.1\bin\jsvml.dll
Event: 0.559 Loaded shared library C:\Users\USER\.jdks\openjdk-24.0.1\bin\zip.dll
Event: 0.567 Loaded shared library C:\Users\USER\.jdks\openjdk-24.0.1\bin\instrument.dll
Event: 0.581 Loaded shared library C:\Users\USER\.jdks\openjdk-24.0.1\bin\net.dll
Event: 0.586 Loaded shared library C:\Users\USER\.jdks\openjdk-24.0.1\bin\nio.dll
Event: 0.594 Loaded shared library C:\Users\USER\.jdks\openjdk-24.0.1\bin\zip.dll
Event: 0.707 Loaded shared library C:\Users\USER\.jdks\openjdk-24.0.1\bin\jimage.dll
Event: 0.898 Loaded shared library C:\Program Files\JetBrains\IntelliJ IDEA 2024.3\bin\breakgen64.dll
Event: 0.929 Loaded shared library C:\Users\USER\.jdks\openjdk-24.0.1\bin\extnet.dll
Event: 0.964 Loaded shared library C:\Users\USER\.jdks\openjdk-24.0.1\bin\management.dll
Event: 0.995 Loaded shared library C:\Users\USER\.jdks\openjdk-24.0.1\bin\management_ext.dll
Event: 13.914 Loaded shared library C:\Users\USER\.jdks\openjdk-24.0.1\bin\sunmscapi.dll
Event: 25.276 Loaded shared library C:\Users\USER\.jdks\openjdk-24.0.1\bin\verify.dll

Deoptimization events (20 events):
Event: 34.855 Thread 0x000001c664cf6270 Uncommon trap: reason=unstable_if action=reinterpret pc=0x000001c610488948 method=java.lang.String.indexOf(Ljava/lang/String;)I @ 10 c2
Event: 34.855 Thread 0x000001c664cf6270 DEOPT PACKING pc=0x000001c610488948 sp=0x0000001df91fd970
Event: 34.855 Thread 0x000001c664cf6270 DEOPT UNPACKING pc=0x000001c60fd45c02 sp=0x0000001df91fd910 mode 2
Event: 34.917 Thread 0x000001c664cf6270 Uncommon trap: trap_request=0xffffff4d fr.pc=0x000001c6104deb5c relative=0x000000000000037c
Event: 34.917 Thread 0x000001c664cf6270 Uncommon trap: reason=unstable_if action=reinterpret pc=0x000001c6104deb5c method=org.springframework.util.AntPathMatcher.skipSegment(Ljava/lang/String;ILjava/lang/String;)I @ 60 c2
Event: 34.917 Thread 0x000001c664cf6270 DEOPT PACKING pc=0x000001c6104deb5c sp=0x0000001df91fcd20
Event: 34.917 Thread 0x000001c664cf6270 DEOPT UNPACKING pc=0x000001c60fd45c02 sp=0x0000001df91fcca8 mode 2
Event: 35.787 Thread 0x000001c664cf9cf0 Uncommon trap: trap_request=0xffffff4d fr.pc=0x000001c610549a04 relative=0x00000000000000e4
Event: 35.787 Thread 0x000001c664cf9cf0 Uncommon trap: reason=unstable_if action=reinterpret pc=0x000001c610549a04 method=java.lang.Class.annotationData()Ljava/lang/Class$AnnotationData; @ 36 c2
Event: 35.787 Thread 0x000001c664cf9cf0 DEOPT PACKING pc=0x000001c610549a04 sp=0x0000001df93fc6e0
Event: 35.787 Thread 0x000001c664cf9cf0 DEOPT UNPACKING pc=0x000001c60fd45c02 sp=0x0000001df93fc670 mode 2
Event: 35.787 Thread 0x000001c664cf9cf0 Uncommon trap: trap_request=0xffffff4d fr.pc=0x000001c610549a04 relative=0x00000000000000e4
Event: 35.787 Thread 0x000001c664cf9cf0 Uncommon trap: reason=unstable_if action=reinterpret pc=0x000001c610549a04 method=java.lang.Class.annotationData()Ljava/lang/Class$AnnotationData; @ 36 c2
Event: 35.787 Thread 0x000001c664cf9cf0 DEOPT PACKING pc=0x000001c610549a04 sp=0x0000001df93fc7f0
Event: 35.787 Thread 0x000001c664cf9cf0 DEOPT UNPACKING pc=0x000001c60fd45c02 sp=0x0000001df93fc780 mode 2
Event: 35.989 Thread 0x000001c664cf95a0 Uncommon trap: trap_request=0xffffffde fr.pc=0x000001c6105adec0 relative=0x00000000000001a0
Event: 35.989 Thread 0x000001c664cf95a0 Uncommon trap: reason=class_check action=maybe_recompile pc=0x000001c6105adec0 method=java.util.stream.StreamOpFlag.fromCharacteristics(Ljava/util/Spliterator;)I @ 14 c2
Event: 35.989 Thread 0x000001c664cf95a0 DEOPT PACKING pc=0x000001c6105adec0 sp=0x0000001df92fa4a0
Event: 35.989 Thread 0x000001c664cf95a0 DEOPT UNPACKING pc=0x000001c60fd45c02 sp=0x0000001df92fa3c0 mode 2
Event: 36.353 Thread 0x000001c664cf9cf0 Uncommon trap: trap_request=0xffffff4d fr.pc=0x000001c610632e40 relative=0x0000000000000400

Classes loaded (20 events):
Event: 34.972 Loading class org/w3c/dom/Node
Event: 34.973 Loading class org/w3c/dom/Node done
Event: 34.973 Loading class org/w3c/dom/Document
Event: 34.974 Loading class org/w3c/dom/Document done
Event: 35.105 Loading class java/math/BigInteger$RecursiveOp
Event: 35.105 Loading class java/util/concurrent/RecursiveTask
Event: 35.106 Loading class java/util/concurrent/RecursiveTask done
Event: 35.106 Loading class java/math/BigInteger$RecursiveOp done
Event: 35.106 Loading class java/math/BigInteger$RecursiveOp$RecursiveSquare
Event: 35.107 Loading class java/math/BigInteger$RecursiveOp$RecursiveSquare done
Event: 35.355 Loading class java/util/stream/LongStream
Event: 35.356 Loading class java/util/stream/LongStream done
Event: 35.356 Loading class java/util/stream/DoubleStream
Event: 35.357 Loading class java/util/stream/DoubleStream done
Event: 35.756 Loading class java/util/zip/DeflaterOutputStream
Event: 35.756 Loading class java/util/zip/DeflaterOutputStream done
Event: 35.758 Loading class java/util/zip/GZIPInputStream
Event: 35.758 Loading class java/util/zip/GZIPInputStream done
Event: 35.759 Loading class java/util/zip/GZIPOutputStream
Event: 35.759 Loading class java/util/zip/GZIPOutputStream done

Classes unloaded (12 events):
Event: 22.911 Thread 0x000001c61b8feaa0 Unloading class 0x000001c61d481400 'java/lang/invoke/LambdaForm$DMH+0x000001c61d481400'
Event: 22.911 Thread 0x000001c61b8feaa0 Unloading class 0x000001c61d481000 'java/lang/invoke/LambdaForm$DMH+0x000001c61d481000'
Event: 22.911 Thread 0x000001c61b8feaa0 Unloading class 0x000001c61d480800 'java/lang/invoke/LambdaForm$DMH+0x000001c61d480800'
Event: 22.911 Thread 0x000001c61b8feaa0 Unloading class 0x000001c61d480000 'java/lang/invoke/LambdaForm$DMH+0x000001c61d480000'
Event: 35.018 Thread 0x000001c61b8feaa0 Unloading class 0x000001c61d53d000 'java/lang/invoke/LambdaForm$DMH+0x000001c61d53d000'
Event: 35.018 Thread 0x000001c61b8feaa0 Unloading class 0x000001c61d53cc00 'java/lang/invoke/LambdaForm$DMH+0x000001c61d53cc00'
Event: 35.018 Thread 0x000001c61b8feaa0 Unloading class 0x000001c61d53c800 'java/lang/invoke/LambdaForm$DMH+0x000001c61d53c800'
Event: 35.018 Thread 0x000001c61b8feaa0 Unloading class 0x000001c61d53c000 'java/lang/invoke/LambdaForm$DMH+0x000001c61d53c000'
Event: 35.018 Thread 0x000001c61b8feaa0 Unloading class 0x000001c61d520400 'java/lang/invoke/LambdaForm$DMH+0x000001c61d520400'
Event: 35.018 Thread 0x000001c61b8feaa0 Unloading class 0x000001c61d520000 'java/lang/invoke/LambdaForm$DMH+0x000001c61d520000'
Event: 35.018 Thread 0x000001c61b8feaa0 Unloading class 0x000001c61d51d400 'java/lang/invoke/LambdaForm$DMH+0x000001c61d51d400'
Event: 35.018 Thread 0x000001c61b8feaa0 Unloading class 0x000001c61d51cc00 'java/lang/invoke/LambdaForm$DMH+0x000001c61d51cc00'

Classes redefined (0 events):
No events

Internal exceptions (20 events):
Event: 22.015 Thread 0x000001c661cacc80 Exception <a 'java/lang/NoSuchMethodError'{0x000000008d812668}: 'int java.lang.invoke.DirectMethodHandle$Holder.invokeStaticInit(java.lang.Object, int, java.lang.Object, java.lang.Object, java.lang.Object, java.lang.Object)'> (0x000000008d812668) 
thrown [s\open\src\hotspot\share\interpreter\linkResolver.cpp, line 805]
Event: 22.036 Thread 0x000001c6631442a0 Exception <a 'java/lang/NoSuchMethodError'{0x000000008d8a9f58}: 'java.lang.Object java.lang.invoke.Invokers$Holder.invoke_MT(java.lang.Object, java.lang.Object, java.lang.Object, java.lang.Object, java.lang.Object, java.lang.Object)'> (0x000000008d8a9f58) 
thrown [s\open\src\hotspot\share\interpreter\linkResolver.cpp, line 805]
Event: 22.149 Thread 0x000001c663142560 Exception <a 'java/lang/NoSuchMethodError'{0x000000008d27a508}: 'void java.lang.invoke.DirectMethodHandle$Holder.invokeStatic(java.lang.Object, java.lang.Object, long)'> (0x000000008d27a508) 
thrown [s\open\src\hotspot\share\interpreter\linkResolver.cpp, line 805]
Event: 22.149 Thread 0x000001c6631442a0 Exception <a 'java/lang/NoSuchMethodError'{0x000000008d28d9e0}: 'void java.lang.invoke.DirectMethodHandle$Holder.invokeStatic(java.lang.Object, java.lang.Object, long)'> (0x000000008d28d9e0) 
thrown [s\open\src\hotspot\share\interpreter\linkResolver.cpp, line 805]
Event: 22.149 Thread 0x000001c6631416c0 Exception <a 'java/lang/NoSuchMethodError'{0x000000008d3a7078}: 'void java.lang.invoke.DirectMethodHandle$Holder.invokeStatic(java.lang.Object, java.lang.Object, long)'> (0x000000008d3a7078) 
thrown [s\open\src\hotspot\share\interpreter\linkResolver.cpp, line 805]
Event: 22.428 Thread 0x000001c661cacc80 Exception <a 'java/lang/NoSuchMethodError'{0x000000008fa20c28}: 'java.lang.Object java.lang.invoke.DirectMethodHandle$Holder.newInvokeSpecial(java.lang.Object, java.lang.Object, java.lang.Object, java.lang.Object, java.lang.Object, java.lang.Object, java.lang.Object, java.lang.Object)'> (0x000000008fa20c28) 
thrown [s\open\src\hotspot\share\interpreter\linkResolver.cpp, line 805]
Event: 22.671 Thread 0x000001c661cacc80 Exception <a 'java/io/IOException'{0x000000008d304be0}> (0x000000008d304be0) 
thrown [s\open\src\hotspot\share\prims\jni.cpp, line 518]
Event: 23.116 Thread 0x000001c661cacc80 Exception <a 'java/lang/IncompatibleClassChangeError'{0x000000008d8462f0}: Found class java.lang.Object, but interface was expected> (0x000000008d8462f0) 
thrown [s\open\src\hotspot\share\interpreter\linkResolver.cpp, line 872]
Event: 23.272 Thread 0x000001c661cacc80 Exception <a 'java/lang/NoSuchMethodError'{0x000000008d2fbf58}: 'java.lang.Object java.lang.invoke.DirectMethodHandle$Holder.invokeInterface(java.lang.Object, java.lang.Object, java.lang.Object, java.lang.Object)'> (0x000000008d2fbf58) 
thrown [s\open\src\hotspot\share\interpreter\linkResolver.cpp, line 805]
Event: 23.452 Thread 0x000001c661cacc80 Exception <a 'java/lang/NoSuchMethodError'{0x00000000fff98200}: 'int java.lang.invoke.DirectMethodHandle$Holder.invokeStaticInit(java.lang.Object, java.lang.Object, java.lang.Object, java.lang.Object)'> (0x00000000fff98200) 
thrown [s\open\src\hotspot\share\interpreter\linkResolver.cpp, line 805]
Event: 23.461 Thread 0x000001c661cacc80 Implicit null exception at 0x000001c61051e24b to 0x000001c61051e714
Event: 23.852 Thread 0x000001c661cacc80 Exception <a 'java/lang/NoSuchMethodError'{0x000000008d2bae38}: 'java.lang.Object java.lang.invoke.DirectMethodHandle$Holder.newInvokeSpecial(java.lang.Object, java.lang.Object, int, java.lang.Object, java.lang.Object)'> (0x000000008d2bae38) 
thrown [s\open\src\hotspot\share\interpreter\linkResolver.cpp, line 805]
Event: 25.227 Thread 0x000001c661cacc80 Exception <a 'java/lang/NoSuchMethodError'{0x000000008fb5e938}: 'long java.lang.invoke.DirectMethodHandle$Holder.invokeStatic(java.lang.Object, long)'> (0x000000008fb5e938) 
thrown [s\open\src\hotspot\share\interpreter\linkResolver.cpp, line 805]
Event: 25.279 Thread 0x000001c661cacc80 Exception <a 'java/lang/NoSuchMethodError'{0x000000008faf15c8}: 'void java.lang.invoke.Invokers$Holder.invoke_MT(java.lang.Object, java.lang.Object, java.lang.Object, java.lang.Object)'> (0x000000008faf15c8) 
thrown [s\open\src\hotspot\share\interpreter\linkResolver.cpp, line 805]
Event: 34.696 Thread 0x000001c664cf8e50 Exception <a 'java/lang/NoSuchMethodError'{0x000000008d50eee0}: 'java.lang.Object java.lang.invoke.DirectMethodHandle$Holder.invokeStatic(java.lang.Object, java.lang.Object, java.lang.Object, int, int)'> (0x000000008d50eee0) 
thrown [s\open\src\hotspot\share\interpreter\linkResolver.cpp, line 805]
Event: 34.696 Thread 0x000001c664cf8e50 Exception <a 'java/lang/NoSuchMethodError'{0x000000008d517178}: 'java.lang.Object java.lang.invoke.DirectMethodHandle$Holder.invokeStaticInit(java.lang.Object, java.lang.Object, java.lang.Object, int, int)'> (0x000000008d517178) 
thrown [s\open\src\hotspot\share\interpreter\linkResolver.cpp, line 805]
Event: 34.751 Thread 0x000001c664cf6270 Exception <a 'java/lang/NoSuchMethodError'{0x000000008d41c398}: 'java.lang.Object java.lang.invoke.DirectMethodHandle$Holder.invokeSpecial(java.lang.Object, java.lang.Object, java.lang.Object, java.lang.Object, java.lang.Object, long)'> (0x000000008d41c398) 
thrown [s\open\src\hotspot\share\interpreter\linkResolver.cpp, line 805]
Event: 34.752 Thread 0x000001c664cf6270 Exception <a 'java/lang/NoSuchMethodError'{0x000000008d420c08}: 'java.lang.Object java.lang.invoke.DirectMethodHandle$Holder.invokeSpecial(java.lang.Object, java.lang.Object, java.lang.Object, java.lang.Object, java.lang.Object, java.lang.Object, long)'> (0x000000008d420c08) 
thrown [s\open\src\hotspot\share\interpreter\linkResolver.cpp, line 805]
Event: 34.752 Thread 0x000001c664cf6270 Exception <a 'java/lang/NoSuchMethodError'{0x000000008d42d4b0}: 'java.lang.Object java.lang.invoke.DelegatingMethodHandle$Holder.reinvoke_L(java.lang.Object, java.lang.Object, java.lang.Object, java.lang.Object, java.lang.Object, long)'> (0x000000008d42d4b0) 
thrown [s\open\src\hotspot\share\interpreter\linkResolver.cpp, line 805]
Event: 34.753 Thread 0x000001c664cf6270 Exception <a 'java/lang/NoSuchMethodError'{0x000000008d43dcd8}: 'java.lang.Object java.lang.invoke.Invokers$Holder.linkToTargetMethod(java.lang.Object, java.lang.Object, java.lang.Object, long, java.lang.Object)'> (0x000000008d43dcd8) 
thrown [s\open\src\hotspot\share\interpreter\linkResolver.cpp, line 805]

VM Operations (20 events):
Event: 23.972 Executing VM operation: G1CollectForAllocation (G1 Evacuation Pause)
Event: 23.977 Executing VM operation: G1CollectForAllocation (G1 Evacuation Pause) done
Event: 23.983 Executing VM operation: HandshakeAllThreads (Deoptimize)
Event: 23.983 Executing VM operation: HandshakeAllThreads (Deoptimize) done
Event: 34.789 Executing VM operation: HandshakeAllThreads (Deoptimize)
Event: 34.789 Executing VM operation: HandshakeAllThreads (Deoptimize) done
Event: 34.952 Executing VM operation: HandshakeAllThreads (Deoptimize)
Event: 34.953 Executing VM operation: HandshakeAllThreads (Deoptimize) done
Event: 34.979 Executing VM operation: G1CollectForAllocation (G1 Evacuation Pause)
Event: 34.985 Executing VM operation: G1CollectForAllocation (G1 Evacuation Pause) done
Event: 35.007 Executing VM operation: HandshakeAllThreads (Deoptimize)
Event: 35.007 Executing VM operation: HandshakeAllThreads (Deoptimize) done
Event: 35.018 Executing VM operation: G1PauseRemark
Event: 35.028 Executing VM operation: G1PauseRemark done
Event: 35.040 Executing VM operation: G1PauseCleanup
Event: 35.040 Executing VM operation: G1PauseCleanup done
Event: 35.351 Executing VM operation: HandshakeAllThreads (Deoptimize)
Event: 35.351 Executing VM operation: HandshakeAllThreads (Deoptimize) done
Event: 35.983 Executing VM operation: HandshakeAllThreads (Deoptimize)
Event: 35.983 Executing VM operation: HandshakeAllThreads (Deoptimize) done

Memory protections (0 events):
No events

Nmethod flushes (20 events):
Event: 35.027 Thread 0x000001c61b8feaa0 flushing  nmethod 0x000001c608fe7188
Event: 35.027 Thread 0x000001c61b8feaa0 flushing  nmethod 0x000001c6090a6688
Event: 35.027 Thread 0x000001c61b8feaa0 flushing  nmethod 0x000001c609230d88
Event: 35.027 Thread 0x000001c61b8feaa0 flushing  nmethod 0x000001c6103ee888
Event: 35.027 Thread 0x000001c61b8feaa0 flushing osr nmethod 0x000001c610459e88
Event: 35.027 Thread 0x000001c61b8feaa0 flushing  nmethod 0x000001c6104e7388
Event: 35.027 Thread 0x000001c61b8feaa0 flushing  nmethod 0x000001c61056d588
Event: 35.027 Thread 0x000001c61b8feaa0 flushing  nmethod 0x000001c610570688
Event: 35.027 Thread 0x000001c61b8feaa0 flushing  nmethod 0x000001c608812508
Event: 35.027 Thread 0x000001c61b8feaa0 flushing  nmethod 0x000001c608817e08
Event: 35.027 Thread 0x000001c61b8feaa0 flushing  nmethod 0x000001c60885fa08
Event: 35.027 Thread 0x000001c61b8feaa0 flushing  nmethod 0x000001c608864c08
Event: 35.027 Thread 0x000001c61b8feaa0 flushing  nmethod 0x000001c608948a08
Event: 35.027 Thread 0x000001c61b8feaa0 flushing  nmethod 0x000001c608a17888
Event: 35.027 Thread 0x000001c61b8feaa0 flushing  nmethod 0x000001c608a24608
Event: 35.027 Thread 0x000001c61b8feaa0 flushing  nmethod 0x000001c608cc3388
Event: 35.027 Thread 0x000001c61b8feaa0 flushing  nmethod 0x000001c608f08988
Event: 35.027 Thread 0x000001c61b8feaa0 flushing  nmethod 0x000001c6090c1f08
Event: 35.027 Thread 0x000001c61b8feaa0 flushing  nmethod 0x000001c609265c08
Event: 35.027 Thread 0x000001c61b8feaa0 flushing  nmethod 0x000001c6092d7288

Events (20 events):
Event: 23.866 Thread 0x000001c661cacc80 Thread added: 0x000001c664cfb2e0
Event: 23.866 Thread 0x000001c661cacc80 Thread added: 0x000001c664cf8700
Event: 23.866 Thread 0x000001c661cacc80 Thread added: 0x000001c664cfab90
Event: 23.875 Thread 0x000001c661cacc80 Thread added: 0x000001c664cfc180
Event: 23.877 Thread 0x000001c661cacc80 Thread added: 0x000001c664cf8e50
Event: 24.621 Thread 0x000001c6627fd050 Thread exited: 0x000001c6627fd050
Event: 24.675 Thread 0x000001c661083cd0 Thread added: 0x000001c6650a1a90
Event: 25.215 Thread 0x000001c6650a1a90 Thread exited: 0x000001c6650a1a90
Event: 25.236 Thread 0x000001c61b91f5f0 Thread added: 0x000001c6650a1a90
Event: 25.633 Thread 0x000001c6650a1a90 Thread exited: 0x000001c6650a1a90
Event: 25.654 Thread 0x000001c61b91f5f0 Thread added: 0x000001c6650a1a90
Event: 25.842 Thread 0x000001c6650a1a90 Thread exited: 0x000001c6650a1a90
Event: 26.300 Thread 0x000001c661cacc80 Thread exited: 0x000001c661cacc80
Event: 26.315 Thread 0x000001c661ca2770 Thread exited: 0x000001c661ca2770
Event: 26.315 Thread 0x000001c67e18be10 Thread exited: 0x000001c67e18be10
Event: 26.315 Thread 0x000001c664cfd020 Thread added: 0x000001c664cfd020
Event: 26.520 Thread 0x000001c661083cd0 Thread exited: 0x000001c661083cd0
Event: 27.554 Thread 0x000001c6620ec890 Thread exited: 0x000001c6620ec890
Event: 28.878 Thread 0x000001c661d067c0 Thread exited: 0x000001c661d067c0
Event: 34.913 Thread 0x000001c61b92d2a0 Thread added: 0x000001c661d067c0


Dynamic libraries:
0x00007ff65e870000 - 0x00007ff65e87e000 	C:\Users\USER\.jdks\openjdk-24.0.1\bin\java.exe
0x00007fffa00a0000 - 0x00007fffa0307000 	C:\WINDOWS\SYSTEM32\ntdll.dll
0x00007fff75880000 - 0x00007fff758a0000 	C:\Program Files\Avast Software\Avast\aswhook.dll
0x00007fff9f110000 - 0x00007fff9f1d9000 	C:\WINDOWS\System32\KERNEL32.DLL
0x00007fff9d420000 - 0x00007fff9d80f000 	C:\WINDOWS\System32\KERNELBASE.dll
0x00007fff9d990000 - 0x00007fff9dadb000 	C:\WINDOWS\System32\ucrtbase.dll
0x00007fff75c50000 - 0x00007fff75c66000 	C:\Users\USER\.jdks\openjdk-24.0.1\bin\jli.dll
0x00007fff75c30000 - 0x00007fff75c4b000 	C:\Users\USER\.jdks\openjdk-24.0.1\bin\VCRUNTIME140.dll
0x00007fff9f410000 - 0x00007fff9f5d5000 	C:\WINDOWS\System32\USER32.dll
0x00007fff7f030000 - 0x00007fff7f2c3000 	C:\WINDOWS\WinSxS\amd64_microsoft.windows.common-controls_6595b64144ccf1df_6.0.26100.7309_none_3e05feeae336a044\COMCTL32.dll
0x00007fff9dd80000 - 0x00007fff9dda7000 	C:\WINDOWS\System32\win32u.dll
0x00007fff9f1f0000 - 0x00007fff9f299000 	C:\WINDOWS\System32\msvcrt.dll
0x00007fff9e6b0000 - 0x00007fff9e6db000 	C:\WINDOWS\System32\GDI32.dll
0x00007fff9dae0000 - 0x00007fff9dc0c000 	C:\WINDOWS\System32\gdi32full.dll
0x00007fff9dcd0000 - 0x00007fff9dd73000 	C:\WINDOWS\System32\msvcp_win.dll
0x00007fff9f7c0000 - 0x00007fff9f7f1000 	C:\WINDOWS\System32\IMM32.DLL
0x00007fff75cb0000 - 0x00007fff75cbc000 	C:\Users\USER\.jdks\openjdk-24.0.1\bin\vcruntime140_1.dll
0x00007fff75ba0000 - 0x00007fff75c2e000 	C:\Users\USER\.jdks\openjdk-24.0.1\bin\msvcp140.dll
0x00007fff374d0000 - 0x00007fff38272000 	C:\Users\USER\.jdks\openjdk-24.0.1\bin\server\jvm.dll
0x00007fff9ecd0000 - 0x00007fff9ed84000 	C:\WINDOWS\System32\ADVAPI32.dll
0x00007fff9eda0000 - 0x00007fff9ee46000 	C:\WINDOWS\System32\sechost.dll
0x00007fff9eee0000 - 0x00007fff9eff8000 	C:\WINDOWS\System32\RPCRT4.dll
0x00007fff9f380000 - 0x00007fff9f3f4000 	C:\WINDOWS\System32\WS2_32.dll
0x00007fff9cea0000 - 0x00007fff9cefe000 	C:\WINDOWS\SYSTEM32\POWRPROF.dll
0x00007fff96590000 - 0x00007fff9659b000 	C:\WINDOWS\SYSTEM32\VERSION.dll
0x00007fff96550000 - 0x00007fff96585000 	C:\WINDOWS\SYSTEM32\WINMM.dll
0x00007fff9ce80000 - 0x00007fff9ce94000 	C:\WINDOWS\SYSTEM32\UMPDC.dll
0x00007fff9bf40000 - 0x00007fff9bf5b000 	C:\WINDOWS\SYSTEM32\kernel.appcore.dll
0x00007fff75b40000 - 0x00007fff75b4a000 	C:\Users\USER\.jdks\openjdk-24.0.1\bin\jimage.dll
0x00007fff914b0000 - 0x00007fff916f2000 	C:\WINDOWS\SYSTEM32\DBGHELP.DLL
0x00007fff9e160000 - 0x00007fff9e4e5000 	C:\WINDOWS\System32\combase.dll
0x00007fff9f030000 - 0x00007fff9f106000 	C:\WINDOWS\System32\OLEAUT32.dll
0x00007fff90820000 - 0x00007fff9085c000 	C:\WINDOWS\SYSTEM32\dbgcore.DLL
0x00007fff9d370000 - 0x00007fff9d415000 	C:\WINDOWS\System32\bcryptPrimitives.dll
0x00007fff73be0000 - 0x00007fff73bef000 	C:\Users\USER\.jdks\openjdk-24.0.1\bin\instrument.dll
0x00007fff50a60000 - 0x00007fff50a7e000 	C:\Users\USER\.jdks\openjdk-24.0.1\bin\java.dll
0x00007fff9df40000 - 0x00007fff9e0d7000 	C:\WINDOWS\System32\ole32.dll
0x00007fff9f800000 - 0x00007fff9ff53000 	C:\WINDOWS\System32\SHELL32.dll
0x00007fff9d820000 - 0x00007fff9d98a000 	C:\WINDOWS\System32\wintypes.dll
0x00007fff9ae10000 - 0x00007fff9b66e000 	C:\WINDOWS\SYSTEM32\windows.storage.dll
0x00007fff9ff60000 - 0x00007fffa0055000 	C:\WINDOWS\System32\SHCORE.dll
0x00007fff9e760000 - 0x00007fff9e7c6000 	C:\WINDOWS\System32\shlwapi.dll
0x00007fff9d110000 - 0x00007fff9d139000 	C:\WINDOWS\SYSTEM32\profapi.dll
0x00007fff4c7c0000 - 0x00007fff4c897000 	C:\Users\USER\.jdks\openjdk-24.0.1\bin\jsvml.dll
0x00007fff4ecc0000 - 0x00007fff4ecd7000 	C:\Users\USER\.jdks\openjdk-24.0.1\bin\zip.dll
0x00007fff75b30000 - 0x00007fff75b40000 	C:\Users\USER\.jdks\openjdk-24.0.1\bin\net.dll
0x00007fff9c510000 - 0x00007fff9c57b000 	C:\WINDOWS\system32\mswsock.dll
0x00007fff4ece0000 - 0x00007fff4ecf6000 	C:\Users\USER\.jdks\openjdk-24.0.1\bin\nio.dll
0x00007fff46e50000 - 0x00007fff46e6a000 	C:\Program Files\JetBrains\IntelliJ IDEA 2024.3\bin\breakgen64.dll
0x00007fff9b990000 - 0x00007fff9babc000 	C:\WINDOWS\SYSTEM32\DNSAPI.dll
0x00007fff9b950000 - 0x00007fff9b984000 	C:\WINDOWS\SYSTEM32\IPHLPAPI.DLL
0x00007fff9e830000 - 0x00007fff9e83a000 	C:\WINDOWS\System32\NSI.dll
0x00007fff73470000 - 0x00007fff73479000 	C:\Users\USER\.jdks\openjdk-24.0.1\bin\extnet.dll
0x00007fff95f10000 - 0x00007fff95f1b000 	C:\Windows\System32\rasadhlp.dll
0x00007fff96b80000 - 0x00007fff96c06000 	C:\WINDOWS\System32\fwpuclnt.dll
0x00007fff6bb90000 - 0x00007fff6bb9a000 	C:\Users\USER\.jdks\openjdk-24.0.1\bin\management.dll
0x00007fff50a50000 - 0x00007fff50a5b000 	C:\Users\USER\.jdks\openjdk-24.0.1\bin\management_ext.dll
0x00007fff9f400000 - 0x00007fff9f408000 	C:\WINDOWS\System32\PSAPI.DLL
0x00007fff9c7d0000 - 0x00007fff9c7eb000 	C:\WINDOWS\SYSTEM32\CRYPTSP.dll
0x00007fff9bf00000 - 0x00007fff9bf3a000 	C:\WINDOWS\system32\rsaenh.dll
0x00007fff9c5c0000 - 0x00007fff9c5eb000 	C:\WINDOWS\SYSTEM32\USERENV.dll
0x00007fff9d0e0000 - 0x00007fff9d10a000 	C:\WINDOWS\SYSTEM32\bcrypt.dll
0x00007fff9c7f0000 - 0x00007fff9c7fc000 	C:\WINDOWS\SYSTEM32\CRYPTBASE.dll
0x00007fff7b850000 - 0x00007fff7b868000 	C:\WINDOWS\system32\napinsp.dll
0x00007fff7b830000 - 0x00007fff7b842000 	C:\WINDOWS\System32\winrnr.dll
0x00007fff7b800000 - 0x00007fff7b822000 	C:\WINDOWS\system32\nlansp_c.dll
0x00007fff7b7e0000 - 0x00007fff7b7f6000 	C:\WINDOWS\system32\wshbth.dll
0x00007fff814b0000 - 0x00007fff81506000 	C:\WINDOWS\SYSTEM32\pdh.dll
0x00007fff42bb0000 - 0x00007fff42bc2000 	C:\WINDOWS\System32\perfproc.dll
0x00007fff73bf0000 - 0x00007fff73c01000 	C:\WINDOWS\System32\perfos.dll
0x00007fff9b6a0000 - 0x00007fff9b6b2000 	C:\WINDOWS\SYSTEM32\pfclient.dll
0x00007fff6b880000 - 0x00007fff6b88e000 	C:\Users\USER\.jdks\openjdk-24.0.1\bin\sunmscapi.dll
0x00007fff9d1f0000 - 0x00007fff9d367000 	C:\WINDOWS\System32\CRYPT32.dll
0x00007fff9c9f0000 - 0x00007fff9ca20000 	C:\WINDOWS\SYSTEM32\ncrypt.dll
0x00007fff9c9a0000 - 0x00007fff9c9df000 	C:\WINDOWS\SYSTEM32\NTASN1.dll
0x00007fff96460000 - 0x00007fff9647e000 	C:\WINDOWS\SYSTEM32\dhcpcsvc6.DLL
0x00007fff96210000 - 0x00007fff96233000 	C:\WINDOWS\SYSTEM32\dhcpcsvc.DLL
0x00007ffec58d0000 - 0x00007ffec58d8000 	C:\WINDOWS\system32\wshunix.dll
0x00007fff4ecb0000 - 0x00007fff4ecc0000 	C:\Users\USER\.jdks\openjdk-24.0.1\bin\verify.dll

JVMTI agents:
C:\Program Files\JetBrains\IntelliJ IDEA 2024.3\lib\idea_rt.jar path:C:\Users\USER\.jdks\openjdk-24.0.1\bin\instrument.dll, loaded, initialized, instrumentlib options:54299:C:\Program Files\JetBrains\IntelliJ IDEA 2024.3\bin

dbghelp: loaded successfully - version: 4.0.5 - missing functions: none
symbol engine: initialized successfully - sym options: 0x614 - pdb path: .;C:\Users\USER\.jdks\openjdk-24.0.1\bin;C:\WINDOWS\SYSTEM32;C:\Program Files\Avast Software\Avast;C:\WINDOWS\WinSxS\amd64_microsoft.windows.common-controls_6595b64144ccf1df_6.0.26100.7309_none_3e05feeae336a044;C:\Users\USER\.jdks\openjdk-24.0.1\bin\server;C:\Program Files\JetBrains\IntelliJ IDEA 2024.3\bin

VM Arguments:
jvm_args: -javaagent:C:\Program Files\JetBrains\IntelliJ IDEA 2024.3\lib\idea_rt.jar=54299:C:\Program Files\JetBrains\IntelliJ IDEA 2024.3\bin -Dfile.encoding=UTF-8 -Dsun.stdout.encoding=UTF-8 -Dsun.stderr.encoding=UTF-8 
java_command: com.LeaveDataManagementSystem.LeaveManagement.LeaveManagementApplication
java_class_path (initial): C:\Users\USER\Desktop\Leave\Leave-Management-System--COOP\Leave_backend\LeaveManagement\target\classes;C:\Users\USER\.m2\repository\org\springframework\boot\spring-boot-starter-data-mongodb\3.5.5\spring-boot-starter-data-mongodb-3.5.5.jar;C:\Users\USER\.m2\repository\org\springframework\boot\spring-boot-starter\3.5.5\spring-boot-starter-3.5.5.jar;C:\Users\USER\.m2\repository\org\springframework\boot\spring-boot-starter-logging\3.5.5\spring-boot-starter-logging-3.5.5.jar;C:\Users\USER\.m2\repository\ch\qos\logback\logback-classic\1.5.18\logback-classic-1.5.18.jar;C:\Users\USER\.m2\repository\ch\qos\logback\logback-core\1.5.18\logback-core-1.5.18.jar;C:\Users\USER\.m2\repository\org\apache\logging\log4j\log4j-to-slf4j\2.24.3\log4j-to-slf4j-2.24.3.jar;C:\Users\USER\.m2\repository\org\apache\logging\log4j\log4j-api\2.24.3\log4j-api-2.24.3.jar;C:\Users\USER\.m2\repository\org\slf4j\jul-to-slf4j\2.0.17\jul-to-slf4j-2.0.17.jar;C:\Users\USER\.m2\repository\jakarta\annotation\jakarta.annotation-api\2.1.1\jakarta.annotation-api-2.1.1.jar;C:\Users\USER\.m2\repository\org\yaml\snakeyaml\2.4\snakeyaml-2.4.jar;C:\Users\USER\.m2\repository\org\mongodb\mongodb-driver-sync\5.5.1\mongodb-driver-sync-5.5.1.jar;C:\Users\USER\.m2\repository\org\mongodb\bson\5.5.1\bson-5.5.1.jar;C:\Users\USER\.m2\repository\org\mongodb\mongodb-driver-core\5.5.1\mongodb-driver-core-5.5.1.jar;C:\Users\USER\.m2\repository\org\mongodb\bson-record-codec\5.5.1\bson-record-codec-5.5.1.jar;C:\Users\USER\.m2\repository\org\springframework\data\spring-data-mongodb\4.5.3\spring-data-mongodb-4.5.3.jar;C:\Users\USER\.m2\repository\org\springframework\spring-tx\6.2.10\spring-tx-6.2.10.jar;C:\Users\USER\.m2\repository\org\springframework\spring-context\6.2.10\spring-context-6.2.10.jar;C:\Users\USER\.m2\repository\org\springframework\spring-beans\6.2.10\spring-beans-6.2.10.jar;C:\Users\USER\.m2\repository\org\springframework\spring-expression\6.2.10\spring-expression-6.2.10.jar;C:\Users\USER\.m2\repository\org\springframework\data\spring-data-commons\3.5.3\spring-data-commons-3.5.3.jar;C:\Users\USER\.m2\repository\org\slf4j\slf4j-api\2.0.17\slf4j-api-2.0.17.jar;C:\Users\USER\.m2\repository\org\springframework\boot\spring-boot-starter-security\3.5.5\spring-boot-starter-security-3.5.5.jar;C:\Users\USER\.m2\repository\org\springframework\spring-aop\6.2.10\spring-aop-6.2.10.jar;C:\Users\USER\.m2\repository\org\springframework\security\spring-security-config\6.5.3\spring-security-config-6.5.3.jar;C:\Users\USER\.m2\repository\org\springframework\security\spring-security-core\6.5.3\spring-security-core-6.5.3.jar;C:\Users\USER\.m2\repository\org\springframework\security\spring-security-crypto\6.5.3\spring-security-crypto-6.5.3.jar;C:\Users\USER\.m2\repository\org\springframework\security\spring-security-web\6.5.3\spring-security-web-6.5.3.jar;C:\Users\USER\.m2\repository\io\jsonwebtoken\jjwt-api\0.11.5\jjwt-api-0.11.5.jar;C:\Users\USER\.m2\repository\io\jsonwebtoken\jjwt-impl\0.11.5\jjwt-impl-0.11.5.jar;C:\Users\USER\.m2\repository\io\jsonwebtoken\jjwt-jackson\0.11.5\jjwt-jackson-0.11.5.jar;C:\Users\USER\.m2\repository\com\fasterxml\jackson\core\jackson-databind\2.19.2\jackson-databind-2.19.2.jar;C:\Users\USER\.m2\repository\com\fasterxml\jackson\core\jackson-annotations\2.19.2\jackson-annotations-2.19.2.jar;C:\Users\USER\.m2\repository\com\fasterxml\jackson\core\jackson-core\2.19.2\jackson-core-2.19.2.jar;C:\Users\USER\.m2\repository\org\springframework\boot\spring-boot-starter-validation\3.5.5\spring-boot-starter-validation-3.5.5.jar;C:\Users\USER\.m2\repository\org\apache\tomcat\embed\tomcat-embed-el\10.1.44\tomcat-embed-el-10.1.44.jar;C:\Users\USER\.m2\repository\org\hibernate\validator\hibernate-validator\8.0.3.Final\hibernate-validator-8.0.3.Final.jar;C:\Users\USER\.m2\repository\jakarta\validation\jakarta.validation-api\3.0.2\jakarta.validation-api-3.0.2.jar;C:\Users\USER\.m2\repository\org\jboss\logging\jboss-logging\3.6.1.Final\jboss-logging-3.6.1.Final.jar;C:\Users\USER\.m2\repository\com\fasterxml\classmate\1.7.0\classmate-1.7.0.jar;C:\Users\USER\.m2\repository\org\springframework\boot\spring-boot-starter-web\3.5.5\spring-boot-starter-web-3.5.5.jar;C:\Users\USER\.m2\repository\org\springframework\boot\spring-boot-starter-json\3.5.5\spring-boot-starter-json-3.5.5.jar;C:\Users\USER\.m2\repository\com\fasterxml\jackson\datatype\jackson-datatype-jdk8\2.19.2\jackson-datatype-jdk8-2.19.2.jar;C:\Users\USER\.m2\repository\com\fasterxml\jackson\datatype\jackson-datatype-jsr310\2.19.2\jackson-datatype-jsr310-2.19.2.jar;C:\Users\USER\.m2\repository\com\fasterxml\jackson\module\jackson-module-parameter-names\2.19.2\jackson-module-parameter-names-2.19.2.jar;C:\Users\USER\.m2\repository\org\springframework\boot\spring-boot-starter-tomcat\3.5.5\spring-boot-starter-tomcat-3.5.5.jar;C:\Users\USER\.m2\repository\org\apache\tomcat\embed\tomcat-embed-core\10.1.44\tomcat-embed-core-10.1.44.jar;C:\Users\USER\.m2\repository\org\apache\tomcat\embed\tomcat-embed-websocket\10.1.44\tomcat-embed-websocket-10.1.44.jar;C:\Users\USER\.m2\repository\org\springframework\spring-web\6.2.10\spring-web-6.2.10.jar;C:\Users\USER\.m2\repository\io\micrometer\micrometer-observation\1.15.3\micrometer-observation-1.15.3.jar;C:\Users\USER\.m2\repository\io\micrometer\micrometer-commons\1.15.3\micrometer-commons-1.15.3.jar;C:\Users\USER\.m2\repository\org\springframework\spring-webmvc\6.2.10\spring-webmvc-6.2.10.jar;C:\Users\USER\.m2\repository\org\springframework\boot\spring-boot-devtools\3.5.5\spring-boot-devtools-3.5.5.jar;C:\Users\USER\.m2\repository\org\springframework\boot\spring-boot\3.5.5\spring-boot-3.5.5.jar;C:\Users\USER\.m2\repository\org\springframework\boot\spring-boot-autoconfigure\3.5.5\spring-boot-autoconfigure-3.5.5.jar;C:\Users\USER\.m2\repository\org\projectlombok\lombok\1.18.38\lombok-1.18.38.jar;C:\Users\USER\.m2\repository\jakarta\activation\jakarta.activation-api\2.1.3\jakarta.activation-api-2.1.3.jar;C:\Users\USER\.m2\repository\org\springframework\spring-core\6.2.10\spring-core-6.2.10.jar;C:\Users\USER\.m2\repository\org\springframework\spring-jcl\6.2.10\spring-jcl-6.2.10.jar;C:\Users\USER\.m2\repository\commons-logging\commons-logging\1.2\commons-logging-1.2.jar;C:\Users\USER\.m2\repository\org\springframework\boot\spring-boot-starter-mail\3.5.5\spring-boot-starter-mail-3.5.5.jar;C:\Users\USER\.m2\repository\org\springframework\spring-context-support\6.2.10\spring-context-support-6.2.10.jar;C:\Users\USER\.m2\repository\org\eclipse\angus\jakarta.mail\2.0.4\jakarta.mail-2.0.4.jar;C:\Users\USER\.m2\repository\org\eclipse\angus\angus-activation\2.0.2\angus-activation-2.0.2.jar;C:\Users\USER\.m2\repository\org\springframework\boot\spring-boot-starter-thymeleaf\3.5.5\spring-boot-starter-thymeleaf-3.5.5.jar;C:\Users\USER\.m2\repository\org\thymeleaf\thymeleaf-spring6\3.1.3.RELEASE\thymeleaf-spring6-3.1.3.RELEASE.jar;C:\Users\USER\.m2\repository\org\thymeleaf\thymeleaf\3.1.3.RELEASE\thymeleaf-3.1.3.RELEASE.jar;C:\Users\USER\.m2\repository\org\attoparser\attoparser\2.0.7.RELEASE\attoparser-2.0.7.RELEASE.jar;C:\Users\USER\.m2\repository\org\unbescape\unbescape\1.1.6.RELEASE\unbescape-1.1.6.RELEASE.jar
Launcher Type: SUN_STANDARD

[Global flags]
     intx CICompilerCount                          = 12                                        {product} {ergonomic}
     uint ConcGCThreads                            = 3                                         {product} {ergonomic}
     uint G1ConcRefinementThreads                  = 13                                        {product} {ergonomic}
   size_t G1HeapRegionSize                         = 1048576                                   {product} {ergonomic}
   size_t InitialHeapSize                          = 123731968                                 {product} {ergonomic}
   size_t MarkStackSize                            = 4194304                                   {product} {ergonomic}
   size_t MarkStackSizeMax                         = 536870912                                 {product} {ergonomic}
   size_t MaxHeapSize                              = 1967128576                                {product} {ergonomic}
   size_t MaxNewSize                               = 1179648000                                {product} {ergonomic}
   size_t MinHeapDeltaBytes                        = 1048576                                   {product} {ergonomic}
   size_t MinHeapSize                              = 8388608                                   {product} {ergonomic}
    uintx NonNMethodCodeHeapSize                   = 7602176                                {pd product} {ergonomic}
    uintx NonProfiledCodeHeapSize                  = 122093568                              {pd product} {ergonomic}
    uintx ProfiledCodeHeapSize                     = 121962496                              {pd product} {ergonomic}
    uintx ReservedCodeCacheSize                    = 251658240                              {pd product} {ergonomic}
     bool SegmentedCodeCache                       = true                                      {product} {ergonomic}
   size_t SoftMaxHeapSize                          = 1967128576                             {manageable} {ergonomic}
     bool UseCompressedOops                        = true                           {product lp64_product} {ergonomic}
     bool UseG1GC                                  = true                                      {product} {ergonomic}
     bool UseLargePagesIndividualAllocation        = false                                  {pd product} {ergonomic}

Logging:
Log output configuration:
 #0: stdout all=warning uptime,level,tags foldmultilines=false
 #1: stderr all=off uptime,level,tags foldmultilines=false

Environment Variables:
JAVA_HOME=C:\Program Files\Java\jdk-17
PATH=C:\Program Files (x86)\Microsoft SDKs\Azure\CLI2\wbin;C:\Program Files\nodejs\;C:\Program Files\apache-maven-3.9.11\bin;C:\Program Files\Git\bin;C:\Users\USER\AppData\Local\Microsoft\WindowsApps;C:\Program Files\JetBrains\PyCharm 2022.3.2\bin;;C:\Program Files\JetBrains\IntelliJ IDEA Community Edition 2023.3.2\bin;;C:\Users\USER\AppData\Local\GitHubDesktop\bin;C:\Windsurf\bin;C:\cursor\resources\app\bin;C:\Users\USER\AppData\Roaming\npm;C:\Users\USER\AppData\Local\Programs\Microsoft VS Code\bin
USERNAME=USER
OS=Windows_NT
PROCESSOR_IDENTIFIER=AMD64 Family 23 Model 104 Stepping 1, AuthenticAMD
TMP=C:\Users\USER\AppData\Local\Temp
TEMP=C:\Users\USER\AppData\Local\Temp




Periodic native trim disabled

---------------  S Y S T E M  ---------------

OS:
 Windows 11 , 64 bit Build 26100 (10.0.26100.7309)
OS uptime: 1 days 11:58 hours

CPU: total 16 (initial active 16) (16 cores per cpu, 2 threads per core) family 23 model 104 stepping 1 microcode 0x8608109, cx8, cmov, fxsr, ht, mmx, 3dnowpref, sse, sse2, sse3, ssse3, sse4a, sse4.1, sse4.2, popcnt, lzcnt, tsc, tscinvbit, avx, avx2, aes, clmul, bmi1, bmi2, adx, sha, fma, vzeroupper, clflush, clflushopt, rdtscp, rdpid, f16c
Processor Information for the first 16 processors :
  Max Mhz: 1801, Current Mhz: 1801, Mhz Limit: 1801

Memory: 4k page, system-wide physical 7501M (433M free)
TotalPageFile size 30029M (AvailPageFile size 16M)
current process WorkingSet (physical memory assigned to process): 223M, peak: 243M
current process commit charge ("private bytes"): 281M, peak: 304M

vm_info: OpenJDK 64-Bit Server VM (24.0.1+9-30) for windows-amd64 JRE (24.0.1+9-30), built on 2025-03-05T07:23:45Z with MS VC++ 17.6 (VS2022)

END.
